{"/home/travis/build/npmtest/node-npmtest-react-sketchapp/test.js":{"path":"/home/travis/build/npmtest/node-npmtest-react-sketchapp/test.js","s":{"1":2,"2":2,"3":2,"4":2,"5":2,"6":2,"7":2,"8":1,"9":2,"10":2,"11":1,"12":1,"13":1,"14":1,"15":2,"16":2,"17":2,"18":2,"19":1,"20":1,"21":2,"22":2,"23":2,"24":1,"25":1,"26":1,"27":1,"28":1,"29":1,"30":1,"31":1,"32":1,"33":1,"34":1,"35":1,"36":1,"37":1,"38":1,"39":2,"40":2,"41":1,"42":2,"43":2,"44":1,"45":2,"46":2,"47":1,"48":2,"49":2,"50":1,"51":1,"52":1,"53":1,"54":1},"b":{"1":[2,1,1,1],"2":[1,1,1,1],"3":[1,1],"4":[1,1],"5":[1,1],"6":[1,1],"7":[1,1],"8":[1,1],"9":[1,1],"10":[1,1,1],"11":[1,1],"12":[1,1],"13":[1,1],"14":[1,1],"15":[1,1],"16":[1,1],"17":[1,1]},"f":{"1":2,"2":2,"3":2,"4":2,"5":2,"6":1,"7":1,"8":1,"9":2,"10":2,"11":2,"12":2,"13":1},"fnMap":{"1":{"name":"(anonymous_1)","line":12,"loc":{"start":{"line":12,"column":1},"end":{"line":12,"column":13}}},"2":{"name":"(anonymous_2)","line":19,"loc":{"start":{"line":19,"column":5},"end":{"line":19,"column":17}}},"3":{"name":"(anonymous_3)","line":23,"loc":{"start":{"line":23,"column":24},"end":{"line":23,"column":36}}},"4":{"name":"(anonymous_4)","line":61,"loc":{"start":{"line":61,"column":5},"end":{"line":61,"column":17}}},"5":{"name":"(anonymous_5)","line":82,"loc":{"start":{"line":82,"column":5},"end":{"line":82,"column":17}}},"6":{"name":"(anonymous_6)","line":91,"loc":{"start":{"line":91,"column":77},"end":{"line":94,"column":10}}},"7":{"name":"(anonymous_7)","line":112,"loc":{"start":{"line":112,"column":83},"end":{"line":115,"column":10}},"skip":true},"8":{"name":"(anonymous_8)","line":123,"loc":{"start":{"line":123,"column":77},"end":{"line":126,"column":10}},"skip":true},"9":{"name":"(anonymous_9)","line":139,"loc":{"start":{"line":139,"column":12},"end":{"line":139,"column":40}},"skip":true},"10":{"name":"(anonymous_10)","line":147,"loc":{"start":{"line":147,"column":77},"end":{"line":150,"column":10}},"skip":true},"11":{"name":"(anonymous_11)","line":158,"loc":{"start":{"line":158,"column":83},"end":{"line":161,"column":10}},"skip":true},"12":{"name":"(anonymous_12)","line":169,"loc":{"start":{"line":169,"column":79},"end":{"line":172,"column":10}},"skip":true},"13":{"name":"(anonymous_13)","line":180,"loc":{"start":{"line":180,"column":75},"end":{"line":183,"column":10}},"skip":true}},"statementMap":{"1":{"start":{"line":12,"column":0},"end":{"line":195,"column":5}},"2":{"start":{"line":14,"column":4},"end":{"line":14,"column":14}},"3":{"start":{"line":19,"column":4},"end":{"line":56,"column":9}},"4":{"start":{"line":21,"column":8},"end":{"line":21,"column":19}},"5":{"start":{"line":23,"column":8},"end":{"line":35,"column":13}},"6":{"start":{"line":24,"column":12},"end":{"line":34,"column":13}},"7":{"start":{"line":25,"column":16},"end":{"line":28,"column":30}},"8":{"start":{"line":30,"column":16},"end":{"line":33,"column":27}},"9":{"start":{"line":37,"column":8},"end":{"line":39,"column":21}},"10":{"start":{"line":40,"column":8},"end":{"line":53,"column":9}},"11":{"start":{"line":43,"column":12},"end":{"line":46,"column":14}},"12":{"start":{"line":47,"column":12},"end":{"line":47,"column":18}},"13":{"start":{"line":50,"column":12},"end":{"line":51,"column":46}},"14":{"start":{"line":52,"column":12},"end":{"line":52,"column":18}},"15":{"start":{"line":55,"column":8},"end":{"line":55,"column":35}},"16":{"start":{"line":61,"column":4},"end":{"line":63,"column":9}},"17":{"start":{"line":62,"column":8},"end":{"line":62,"column":15}},"18":{"start":{"line":64,"column":4},"end":{"line":77,"column":5}},"19":{"start":{"line":70,"column":8},"end":{"line":70,"column":14}},"20":{"start":{"line":76,"column":8},"end":{"line":76,"column":14}},"21":{"start":{"line":82,"column":4},"end":{"line":84,"column":9}},"22":{"start":{"line":83,"column":8},"end":{"line":83,"column":15}},"23":{"start":{"line":85,"column":4},"end":{"line":194,"column":5}},"24":{"start":{"line":91,"column":8},"end":{"line":99,"column":10}},"25":{"start":{"line":98,"column":12},"end":{"line":98,"column":35}},"26":{"start":{"line":102,"column":8},"end":{"line":104,"column":63}},"27":{"start":{"line":105,"column":8},"end":{"line":105,"column":14}},"28":{"start":{"line":112,"column":8},"end":{"line":121,"column":10},"skip":true},"29":{"start":{"line":119,"column":12},"end":{"line":119,"column":55},"skip":true},"30":{"start":{"line":120,"column":12},"end":{"line":120,"column":48},"skip":true},"31":{"start":{"line":123,"column":8},"end":{"line":136,"column":10},"skip":true},"32":{"start":{"line":130,"column":12},"end":{"line":130,"column":76},"skip":true},"33":{"start":{"line":131,"column":12},"end":{"line":131,"column":73},"skip":true},"34":{"start":{"line":132,"column":12},"end":{"line":132,"column":74},"skip":true},"35":{"start":{"line":133,"column":12},"end":{"line":133,"column":79},"skip":true},"36":{"start":{"line":134,"column":12},"end":{"line":134,"column":25},"skip":true},"37":{"start":{"line":135,"column":12},"end":{"line":135,"column":45},"skip":true},"38":{"start":{"line":138,"column":8},"end":{"line":145,"column":14},"skip":true},"39":{"start":{"line":143,"column":16},"end":{"line":143,"column":29},"skip":true},"40":{"start":{"line":144,"column":16},"end":{"line":144,"column":55},"skip":true},"41":{"start":{"line":147,"column":8},"end":{"line":156,"column":10},"skip":true},"42":{"start":{"line":154,"column":12},"end":{"line":154,"column":25},"skip":true},"43":{"start":{"line":155,"column":12},"end":{"line":155,"column":45},"skip":true},"44":{"start":{"line":158,"column":8},"end":{"line":167,"column":10},"skip":true},"45":{"start":{"line":165,"column":12},"end":{"line":165,"column":25},"skip":true},"46":{"start":{"line":166,"column":12},"end":{"line":166,"column":48},"skip":true},"47":{"start":{"line":169,"column":8},"end":{"line":178,"column":10},"skip":true},"48":{"start":{"line":176,"column":12},"end":{"line":176,"column":25},"skip":true},"49":{"start":{"line":177,"column":12},"end":{"line":177,"column":46},"skip":true},"50":{"start":{"line":180,"column":8},"end":{"line":189,"column":10},"skip":true},"51":{"start":{"line":187,"column":12},"end":{"line":187,"column":94},"skip":true},"52":{"start":{"line":188,"column":12},"end":{"line":188,"column":48},"skip":true},"53":{"start":{"line":192,"column":8},"end":{"line":192,"column":35},"skip":true},"54":{"start":{"line":193,"column":8},"end":{"line":193,"column":14},"skip":true}},"branchMap":{"1":{"line":25,"type":"binary-expr","locations":[{"start":{"line":25,"column":23},"end":{"line":25,"column":62}},{"start":{"line":26,"column":20},"end":{"line":26,"column":70}},{"start":{"line":27,"column":20},"end":{"line":27,"column":71}},{"start":{"line":28,"column":20},"end":{"line":28,"column":29}}]},"2":{"line":30,"type":"binary-expr","locations":[{"start":{"line":30,"column":23},"end":{"line":30,"column":37}},{"start":{"line":31,"column":20},"end":{"line":31,"column":61}},{"start":{"line":32,"column":20},"end":{"line":32,"column":70}},{"start":{"line":33,"column":20},"end":{"line":33,"column":26}}]},"3":{"line":37,"type":"cond-expr","locations":[{"start":{"line":38,"column":14},"end":{"line":38,"column":20}},{"start":{"line":39,"column":14},"end":{"line":39,"column":20}}]},"4":{"line":40,"type":"switch","locations":[{"start":{"line":42,"column":8},"end":{"line":47,"column":18}},{"start":{"line":49,"column":8},"end":{"line":52,"column":18}}]},"5":{"line":44,"type":"binary-expr","locations":[{"start":{"line":44,"column":16},"end":{"line":44,"column":44}},{"start":{"line":44,"column":48},"end":{"line":44,"column":66}}]},"6":{"line":50,"type":"binary-expr","locations":[{"start":{"line":50,"column":21},"end":{"line":50,"column":49}},{"start":{"line":50,"column":53},"end":{"line":50,"column":72}}]},"7":{"line":64,"type":"switch","locations":[{"start":{"line":69,"column":4},"end":{"line":70,"column":14}},{"start":{"line":75,"column":4},"end":{"line":76,"column":14}}]},"8":{"line":85,"type":"switch","locations":[{"start":{"line":90,"column":4},"end":{"line":105,"column":14}},{"start":{"line":111,"column":4},"end":{"line":193,"column":14},"skip":true}]},"9":{"line":91,"type":"binary-expr","locations":[{"start":{"line":91,"column":42},"end":{"line":91,"column":73}},{"start":{"line":91,"column":77},"end":{"line":99,"column":9}}]},"10":{"line":102,"type":"binary-expr","locations":[{"start":{"line":102,"column":18},"end":{"line":102,"column":32}},{"start":{"line":103,"column":12},"end":{"line":103,"column":53}},{"start":{"line":104,"column":12},"end":{"line":104,"column":61}}]},"11":{"line":112,"type":"binary-expr","locations":[{"start":{"line":112,"column":45},"end":{"line":112,"column":79},"skip":true},{"start":{"line":112,"column":83},"end":{"line":121,"column":9},"skip":true}]},"12":{"line":123,"type":"binary-expr","locations":[{"start":{"line":123,"column":42},"end":{"line":123,"column":73},"skip":true},{"start":{"line":123,"column":77},"end":{"line":136,"column":9},"skip":true}]},"13":{"line":138,"type":"binary-expr","locations":[{"start":{"line":138,"column":48},"end":{"line":138,"column":85},"skip":true},{"start":{"line":139,"column":12},"end":{"line":145,"column":13},"skip":true}]},"14":{"line":147,"type":"binary-expr","locations":[{"start":{"line":147,"column":42},"end":{"line":147,"column":73},"skip":true},{"start":{"line":147,"column":77},"end":{"line":156,"column":9},"skip":true}]},"15":{"line":158,"type":"binary-expr","locations":[{"start":{"line":158,"column":45},"end":{"line":158,"column":79},"skip":true},{"start":{"line":158,"column":83},"end":{"line":167,"column":9},"skip":true}]},"16":{"line":169,"type":"binary-expr","locations":[{"start":{"line":169,"column":43},"end":{"line":169,"column":75},"skip":true},{"start":{"line":169,"column":79},"end":{"line":178,"column":9},"skip":true}]},"17":{"line":180,"type":"binary-expr","locations":[{"start":{"line":180,"column":41},"end":{"line":180,"column":71},"skip":true},{"start":{"line":180,"column":75},"end":{"line":189,"column":9},"skip":true}]}},"code":["/* istanbul instrument in package npmtest_react_sketchapp */","/*jslint","    bitwise: true,","    browser: true,","    maxerr: 8,","    maxlen: 96,","    node: true,","    nomen: true,","    regexp: true,","    stupid: true","*/","(function () {","    'use strict';","    var local;","","","","    // run shared js-env code - pre-init","    (function () {","        // init local","        local = {};","        // init modeJs","        local.modeJs = (function () {","            try {","                return typeof navigator.userAgent === 'string' &&","                    typeof document.querySelector('body') === 'object' &&","                    typeof XMLHttpRequest.prototype.open === 'function' &&","                    'browser';","            } catch (errorCaughtBrowser) {","                return module.exports &&","                    typeof process.versions.node === 'string' &&","                    typeof require('http').createServer === 'function' &&","                    'node';","            }","        }());","        // init global","        local.global = local.modeJs === 'browser'","            ? window","            : global;","        switch (local.modeJs) {","        // re-init local from window.local","        case 'browser':","            local = local.global.utility2.objectSetDefault(","                local.global.utility2_rollup || local.global.local,","                local.global.utility2","            );","            break;","        // re-init local from example.js","        case 'node':","            local = (local.global.utility2_rollup || require('utility2'))","                .requireExampleJsFromReadme();","            break;","        }","        // export local","        local.global.local = local;","    }());","","","","    // run shared js-env code - function","    (function () {","        return;","    }());","    switch (local.modeJs) {","","","","    // run browser js-env code - function","    case 'browser':","        break;","","","","    // run node js-env code - function","    case 'node':","        break;","    }","","","","    // run shared js-env code - post-init","    (function () {","        return;","    }());","    switch (local.modeJs) {","","","","    // run browser js-env code - post-init","    case 'browser':","        local.testCase_browser_nullCase = local.testCase_browser_nullCase || function (","            options,","            onError","        ) {","        /*","         * this function will test browsers's null-case handling-behavior-behavior","         */","            onError(null, options);","        };","","        // run tests","        local.nop(local.modeTest &&","            document.querySelector('#testRunButton1') &&","            document.querySelector('#testRunButton1').click());","        break;","","","","    // run node js-env code - post-init","    /* istanbul ignore next */","    case 'node':","        local.testCase_buildApidoc_default = local.testCase_buildApidoc_default || function (","            options,","            onError","        ) {","        /*","         * this function will test buildApidoc's default handling-behavior-behavior","         */","            options = { modulePathList: module.paths };","            local.buildApidoc(options, onError);","        };","","        local.testCase_buildApp_default = local.testCase_buildApp_default || function (","            options,","            onError","        ) {","        /*","         * this function will test buildApp's default handling-behavior-behavior","         */","            local.testCase_buildReadme_default(options, local.onErrorThrow);","            local.testCase_buildLib_default(options, local.onErrorThrow);","            local.testCase_buildTest_default(options, local.onErrorThrow);","            local.testCase_buildCustomOrg_default(options, local.onErrorThrow);","            options = [];","            local.buildApp(options, onError);","        };","","        local.testCase_buildCustomOrg_default = local.testCase_buildCustomOrg_default ||","            function (options, onError) {","            /*","             * this function will test buildCustomOrg's default handling-behavior","             */","                options = {};","                local.buildCustomOrg(options, onError);","            };","","        local.testCase_buildLib_default = local.testCase_buildLib_default || function (","            options,","            onError","        ) {","        /*","         * this function will test buildLib's default handling-behavior","         */","            options = {};","            local.buildLib(options, onError);","        };","","        local.testCase_buildReadme_default = local.testCase_buildReadme_default || function (","            options,","            onError","        ) {","        /*","         * this function will test buildReadme's default handling-behavior-behavior","         */","            options = {};","            local.buildReadme(options, onError);","        };","","        local.testCase_buildTest_default = local.testCase_buildTest_default || function (","            options,","            onError","        ) {","        /*","         * this function will test buildTest's default handling-behavior","         */","            options = {};","            local.buildTest(options, onError);","        };","","        local.testCase_webpage_default = local.testCase_webpage_default || function (","            options,","            onError","        ) {","        /*","         * this function will test webpage's default handling-behavior","         */","            options = { modeCoverageMerge: true, url: local.serverLocalHost + '?modeTest=1' };","            local.browserTest(options, onError);","        };","","        // run test-server","        local.testRunServer(local);","        break;","    }","}());",""],"l":{"12":2,"14":2,"19":2,"21":2,"23":2,"24":2,"25":2,"30":1,"37":2,"40":2,"43":1,"47":1,"50":1,"52":1,"55":2,"61":2,"62":2,"64":2,"70":1,"76":1,"82":2,"83":2,"85":2,"91":1,"98":1,"102":1,"105":1,"112":1,"119":1,"120":1,"123":1,"130":1,"131":1,"132":1,"133":1,"134":1,"135":1,"138":1,"143":2,"144":2,"147":1,"154":2,"155":2,"158":1,"165":2,"166":2,"169":1,"176":2,"177":2,"180":1,"187":1,"188":1,"192":1,"193":1}},"/home/travis/build/npmtest/node-npmtest-react-sketchapp/lib.npmtest_react_sketchapp.js":{"path":"/home/travis/build/npmtest/node-npmtest-react-sketchapp/lib.npmtest_react_sketchapp.js","s":{"1":2,"2":2,"3":2,"4":2,"5":2,"6":2,"7":2,"8":1,"9":2,"10":2,"11":2,"12":2,"13":1,"14":1,"15":1,"16":1},"b":{"1":[2,1,1,1],"2":[1,1,1,1],"3":[1,1],"4":[2,2],"5":[1,1]},"f":{"1":2,"2":2,"3":2},"fnMap":{"1":{"name":"(anonymous_1)","line":12,"loc":{"start":{"line":12,"column":1},"end":{"line":12,"column":13}}},"2":{"name":"(anonymous_2)","line":19,"loc":{"start":{"line":19,"column":5},"end":{"line":19,"column":17}}},"3":{"name":"(anonymous_3)","line":23,"loc":{"start":{"line":23,"column":24},"end":{"line":23,"column":36}}}},"statementMap":{"1":{"start":{"line":12,"column":0},"end":{"line":53,"column":5}},"2":{"start":{"line":14,"column":4},"end":{"line":14,"column":14}},"3":{"start":{"line":19,"column":4},"end":{"line":52,"column":9}},"4":{"start":{"line":21,"column":8},"end":{"line":21,"column":19}},"5":{"start":{"line":23,"column":8},"end":{"line":35,"column":13}},"6":{"start":{"line":24,"column":12},"end":{"line":34,"column":13}},"7":{"start":{"line":25,"column":16},"end":{"line":28,"column":30}},"8":{"start":{"line":30,"column":16},"end":{"line":33,"column":27}},"9":{"start":{"line":37,"column":8},"end":{"line":39,"column":21}},"10":{"start":{"line":41,"column":8},"end":{"line":41,"column":54}},"11":{"start":{"line":43,"column":8},"end":{"line":43,"column":60}},"12":{"start":{"line":45,"column":8},"end":{"line":51,"column":9}},"13":{"start":{"line":46,"column":12},"end":{"line":46,"column":66}},"14":{"start":{"line":48,"column":12},"end":{"line":48,"column":35}},"15":{"start":{"line":49,"column":12},"end":{"line":49,"column":49}},"16":{"start":{"line":50,"column":12},"end":{"line":50,"column":43}}},"branchMap":{"1":{"line":25,"type":"binary-expr","locations":[{"start":{"line":25,"column":23},"end":{"line":25,"column":62}},{"start":{"line":26,"column":20},"end":{"line":26,"column":70}},{"start":{"line":27,"column":20},"end":{"line":27,"column":71}},{"start":{"line":28,"column":20},"end":{"line":28,"column":29}}]},"2":{"line":30,"type":"binary-expr","locations":[{"start":{"line":30,"column":23},"end":{"line":30,"column":37}},{"start":{"line":31,"column":20},"end":{"line":31,"column":61}},{"start":{"line":32,"column":20},"end":{"line":32,"column":70}},{"start":{"line":33,"column":20},"end":{"line":33,"column":26}}]},"3":{"line":37,"type":"cond-expr","locations":[{"start":{"line":38,"column":14},"end":{"line":38,"column":20}},{"start":{"line":39,"column":14},"end":{"line":39,"column":20}}]},"4":{"line":41,"type":"binary-expr","locations":[{"start":{"line":41,"column":16},"end":{"line":41,"column":44}},{"start":{"line":41,"column":48},"end":{"line":41,"column":53}}]},"5":{"line":45,"type":"if","locations":[{"start":{"line":45,"column":8},"end":{"line":45,"column":8}},{"start":{"line":45,"column":8},"end":{"line":45,"column":8}}]}},"code":["/* istanbul instrument in package npmtest_react_sketchapp */","/*jslint","    bitwise: true,","    browser: true,","    maxerr: 8,","    maxlen: 96,","    node: true,","    nomen: true,","    regexp: true,","    stupid: true","*/","(function () {","    'use strict';","    var local;","","","","    // run shared js-env code - pre-init","    (function () {","        // init local","        local = {};","        // init modeJs","        local.modeJs = (function () {","            try {","                return typeof navigator.userAgent === 'string' &&","                    typeof document.querySelector('body') === 'object' &&","                    typeof XMLHttpRequest.prototype.open === 'function' &&","                    'browser';","            } catch (errorCaughtBrowser) {","                return module.exports &&","                    typeof process.versions.node === 'string' &&","                    typeof require('http').createServer === 'function' &&","                    'node';","            }","        }());","        // init global","        local.global = local.modeJs === 'browser'","            ? window","            : global;","        // init utility2_rollup","        local = local.global.utility2_rollup || local;","        // init lib","        local.local = local.npmtest_react_sketchapp = local;","        // init exports","        if (local.modeJs === 'browser') {","            local.global.utility2_npmtest_react_sketchapp = local;","        } else {","            module.exports = local;","            module.exports.__dirname = __dirname;","            module.exports.module = module;","        }","    }());","}());",""],"l":{"12":2,"14":2,"19":2,"21":2,"23":2,"24":2,"25":2,"30":1,"37":2,"41":2,"43":2,"45":2,"46":1,"48":1,"49":1,"50":1}},"/home/travis/build/npmtest/node-npmtest-react-sketchapp/example.js":{"path":"/home/travis/build/npmtest/node-npmtest-react-sketchapp/example.js","s":{"1":2,"2":2,"3":2,"4":2,"5":2,"6":2,"7":2,"8":1,"9":2,"10":2,"11":2,"12":2,"13":1,"14":2,"15":2,"16":2,"17":2,"18":2,"19":0,"20":2,"21":1,"22":1,"23":1,"24":1,"25":1,"26":0,"27":0,"28":1,"29":1,"30":2,"31":0,"32":0,"33":0,"34":1,"35":2,"36":2,"37":3,"38":3,"39":3,"40":3,"41":0,"42":3,"43":3,"44":3,"45":1,"46":3,"47":1,"48":1,"49":1,"50":1,"51":1,"52":1,"53":1,"54":1,"55":1,"56":1,"57":0,"58":1,"59":6,"60":6,"61":1,"62":2,"63":0,"64":2,"65":1,"66":1,"67":0,"68":0,"69":0,"70":0,"71":0,"72":0,"73":0,"74":0,"75":0,"76":0,"77":0,"78":0,"79":0,"80":0,"81":0,"82":0,"83":0},"b":{"1":[2,1,1,1],"2":[1,1,1,1],"3":[1,1],"4":[2,2],"5":[1,1],"6":[1,1],"7":[2,0],"8":[2,1,1,1,1,1],"9":[0,2,0],"10":[1,1],"11":[2,1,1],"12":[1,0],"13":[0,2],"14":[2,0,0,0,0,0,0],"15":[0,3],"16":[3,0],"17":[1,1],"18":[0,1],"19":[1,2,0,2],"20":[1,0],"21":[1,1],"22":[0,0],"23":[0,0],"24":[0,0],"25":[0,0],"26":[0,0],"27":[0,0],"28":[0,0]},"f":{"1":2,"2":2,"3":2,"4":2,"5":2,"6":2,"7":3,"8":3,"9":3,"10":1,"11":6,"12":0},"fnMap":{"1":{"name":"(anonymous_1)","line":26,"loc":{"start":{"line":26,"column":1},"end":{"line":26,"column":13}}},"2":{"name":"(anonymous_2)","line":33,"loc":{"start":{"line":33,"column":5},"end":{"line":33,"column":17}}},"3":{"name":"(anonymous_3)","line":37,"loc":{"start":{"line":37,"column":24},"end":{"line":37,"column":36}}},"4":{"name":"(anonymous_4)","line":69,"loc":{"start":{"line":69,"column":31},"end":{"line":69,"column":48}},"skip":true},"5":{"name":"(anonymous_5)","line":78,"loc":{"start":{"line":78,"column":26},"end":{"line":78,"column":45}},"skip":true},"6":{"name":"(anonymous_6)","line":123,"loc":{"start":{"line":123,"column":33},"end":{"line":123,"column":48}},"skip":true},"7":{"name":"(anonymous_7)","line":125,"loc":{"start":{"line":125,"column":27},"end":{"line":125,"column":39}},"skip":true},"8":{"name":"(anonymous_8)","line":133,"loc":{"start":{"line":133,"column":59},"end":{"line":133,"column":74}},"skip":true},"9":{"name":"(anonymous_9)","line":143,"loc":{"start":{"line":143,"column":45},"end":{"line":143,"column":62}},"skip":true},"10":{"name":"(anonymous_10)","line":144,"loc":{"start":{"line":144,"column":73},"end":{"line":144,"column":92}},"skip":true},"11":{"name":"(anonymous_11)","line":272,"loc":{"start":{"line":272,"column":51},"end":{"line":272,"column":77}},"skip":true},"12":{"name":"(anonymous_12)","line":315,"loc":{"start":{"line":315,"column":32},"end":{"line":315,"column":61}},"skip":true}},"statementMap":{"1":{"start":{"line":26,"column":0},"end":{"line":326,"column":5}},"2":{"start":{"line":28,"column":4},"end":{"line":28,"column":14}},"3":{"start":{"line":33,"column":4},"end":{"line":60,"column":9}},"4":{"start":{"line":35,"column":8},"end":{"line":35,"column":19}},"5":{"start":{"line":37,"column":8},"end":{"line":49,"column":13}},"6":{"start":{"line":38,"column":12},"end":{"line":48,"column":13}},"7":{"start":{"line":39,"column":16},"end":{"line":42,"column":30}},"8":{"start":{"line":44,"column":16},"end":{"line":47,"column":27}},"9":{"start":{"line":51,"column":8},"end":{"line":53,"column":21}},"10":{"start":{"line":55,"column":8},"end":{"line":57,"column":45}},"11":{"start":{"line":59,"column":8},"end":{"line":59,"column":35}},"12":{"start":{"line":61,"column":4},"end":{"line":325,"column":5}},"13":{"start":{"line":69,"column":8},"end":{"line":121,"column":10},"skip":true},"14":{"start":{"line":70,"column":12},"end":{"line":88,"column":13},"skip":true},"15":{"start":{"line":76,"column":16},"end":{"line":87,"column":19},"skip":true},"16":{"start":{"line":79,"column":20},"end":{"line":86,"column":21},"skip":true},"17":{"start":{"line":82,"column":24},"end":{"line":82,"column":43},"skip":true},"18":{"start":{"line":83,"column":24},"end":{"line":83,"column":30},"skip":true},"19":{"start":{"line":85,"column":24},"end":{"line":85,"column":49},"skip":true},"20":{"start":{"line":89,"column":12},"end":{"line":107,"column":13},"skip":true},"21":{"start":{"line":92,"column":16},"end":{"line":102,"column":17},"skip":true},"22":{"start":{"line":93,"column":20},"end":{"line":93,"column":86},"skip":true},"23":{"start":{"line":94,"column":20},"end":{"line":95,"column":45},"skip":true},"24":{"start":{"line":96,"column":20},"end":{"line":96,"column":42},"skip":true},"25":{"start":{"line":97,"column":20},"end":{"line":97,"column":48},"skip":true},"26":{"start":{"line":100,"column":20},"end":{"line":100,"column":85},"skip":true},"27":{"start":{"line":101,"column":20},"end":{"line":101,"column":96},"skip":true},"28":{"start":{"line":103,"column":16},"end":{"line":103,"column":22},"skip":true},"29":{"start":{"line":106,"column":16},"end":{"line":106,"column":22},"skip":true},"30":{"start":{"line":108,"column":12},"end":{"line":120,"column":13},"skip":true},"31":{"start":{"line":114,"column":16},"end":{"line":119,"column":17},"skip":true},"32":{"start":{"line":116,"column":20},"end":{"line":116,"column":78},"skip":true},"33":{"start":{"line":118,"column":20},"end":{"line":118,"column":47},"skip":true},"34":{"start":{"line":123,"column":8},"end":{"line":141,"column":11},"skip":true},"35":{"start":{"line":124,"column":12},"end":{"line":124,"column":54},"skip":true},"36":{"start":{"line":125,"column":12},"end":{"line":140,"column":14},"skip":true},"37":{"start":{"line":126,"column":16},"end":{"line":126,"column":28},"skip":true},"38":{"start":{"line":127,"column":16},"end":{"line":127,"column":69},"skip":true},"39":{"start":{"line":128,"column":16},"end":{"line":128,"column":75},"skip":true},"40":{"start":{"line":129,"column":16},"end":{"line":131,"column":17},"skip":true},"41":{"start":{"line":130,"column":20},"end":{"line":130,"column":27},"skip":true},"42":{"start":{"line":133,"column":16},"end":{"line":137,"column":36},"skip":true},"43":{"start":{"line":134,"column":20},"end":{"line":136,"column":55},"skip":true},"44":{"start":{"line":139,"column":16},"end":{"line":139,"column":57},"skip":true},"45":{"start":{"line":143,"column":8},"end":{"line":147,"column":11},"skip":true},"46":{"start":{"line":144,"column":12},"end":{"line":146,"column":15},"skip":true},"47":{"start":{"line":145,"column":16},"end":{"line":145,"column":70},"skip":true},"48":{"start":{"line":149,"column":8},"end":{"line":149,"column":31},"skip":true},"49":{"start":{"line":150,"column":8},"end":{"line":150,"column":14},"skip":true},"50":{"start":{"line":158,"column":8},"end":{"line":158,"column":31},"skip":true},"51":{"start":{"line":160,"column":8},"end":{"line":160,"column":33},"skip":true},"52":{"start":{"line":161,"column":8},"end":{"line":161,"column":37},"skip":true},"53":{"start":{"line":162,"column":8},"end":{"line":162,"column":35},"skip":true},"54":{"start":{"line":164,"column":8},"end":{"line":164,"column":50},"skip":true},"55":{"start":{"line":166,"column":8},"end":{"line":256,"column":2},"skip":true},"56":{"start":{"line":258,"column":8},"end":{"line":286,"column":9},"skip":true},"57":{"start":{"line":259,"column":12},"end":{"line":269,"column":14},"skip":true},"58":{"start":{"line":271,"column":12},"end":{"line":285,"column":19},"skip":true},"59":{"start":{"line":274,"column":20},"end":{"line":274,"column":35},"skip":true},"60":{"start":{"line":275,"column":20},"end":{"line":284,"column":21},"skip":true},"61":{"start":{"line":277,"column":24},"end":{"line":277,"column":64},"skip":true},"62":{"start":{"line":279,"column":24},"end":{"line":279,"column":40},"skip":true},"63":{"start":{"line":281,"column":24},"end":{"line":281,"column":40},"skip":true},"64":{"start":{"line":283,"column":24},"end":{"line":283,"column":39},"skip":true},"65":{"start":{"line":288,"column":8},"end":{"line":290,"column":9},"skip":true},"66":{"start":{"line":289,"column":12},"end":{"line":289,"column":18},"skip":true},"67":{"start":{"line":291,"column":8},"end":{"line":293,"column":54},"skip":true},"68":{"start":{"line":296,"column":8},"end":{"line":301,"column":37},"skip":true},"69":{"start":{"line":303,"column":8},"end":{"line":303,"column":82},"skip":true},"70":{"start":{"line":306,"column":8},"end":{"line":308,"column":9},"skip":true},"71":{"start":{"line":307,"column":12},"end":{"line":307,"column":82},"skip":true},"72":{"start":{"line":310,"column":8},"end":{"line":312,"column":9},"skip":true},"73":{"start":{"line":311,"column":12},"end":{"line":311,"column":18},"skip":true},"74":{"start":{"line":313,"column":8},"end":{"line":313,"column":54},"skip":true},"75":{"start":{"line":314,"column":8},"end":{"line":314,"column":69},"skip":true},"76":{"start":{"line":315,"column":8},"end":{"line":323,"column":36},"skip":true},"77":{"start":{"line":316,"column":12},"end":{"line":316,"column":61},"skip":true},"78":{"start":{"line":317,"column":12},"end":{"line":320,"column":13},"skip":true},"79":{"start":{"line":318,"column":16},"end":{"line":318,"column":75},"skip":true},"80":{"start":{"line":319,"column":16},"end":{"line":319,"column":23},"skip":true},"81":{"start":{"line":321,"column":12},"end":{"line":321,"column":38},"skip":true},"82":{"start":{"line":322,"column":12},"end":{"line":322,"column":27},"skip":true},"83":{"start":{"line":324,"column":8},"end":{"line":324,"column":14},"skip":true}},"branchMap":{"1":{"line":39,"type":"binary-expr","locations":[{"start":{"line":39,"column":23},"end":{"line":39,"column":62}},{"start":{"line":40,"column":20},"end":{"line":40,"column":70}},{"start":{"line":41,"column":20},"end":{"line":41,"column":71}},{"start":{"line":42,"column":20},"end":{"line":42,"column":29}}]},"2":{"line":44,"type":"binary-expr","locations":[{"start":{"line":44,"column":23},"end":{"line":44,"column":37}},{"start":{"line":45,"column":20},"end":{"line":45,"column":61}},{"start":{"line":46,"column":20},"end":{"line":46,"column":70}},{"start":{"line":47,"column":20},"end":{"line":47,"column":26}}]},"3":{"line":51,"type":"cond-expr","locations":[{"start":{"line":52,"column":14},"end":{"line":52,"column":20}},{"start":{"line":53,"column":14},"end":{"line":53,"column":20}}]},"4":{"line":55,"type":"binary-expr","locations":[{"start":{"line":55,"column":16},"end":{"line":55,"column":44}},{"start":{"line":55,"column":49},"end":{"line":57,"column":43}}]},"5":{"line":55,"type":"cond-expr","locations":[{"start":{"line":56,"column":14},"end":{"line":56,"column":59}},{"start":{"line":57,"column":14},"end":{"line":57,"column":43}}]},"6":{"line":61,"type":"switch","locations":[{"start":{"line":68,"column":4},"end":{"line":150,"column":14},"skip":true},{"start":{"line":156,"column":4},"end":{"line":324,"column":14},"skip":true}]},"7":{"line":70,"type":"if","locations":[{"start":{"line":70,"column":12},"end":{"line":70,"column":12},"skip":true},{"start":{"line":70,"column":12},"end":{"line":70,"column":12},"skip":true}]},"8":{"line":70,"type":"binary-expr","locations":[{"start":{"line":70,"column":16},"end":{"line":70,"column":22},"skip":true},{"start":{"line":70,"column":27},"end":{"line":70,"column":32},"skip":true},{"start":{"line":71,"column":20},"end":{"line":71,"column":39},"skip":true},{"start":{"line":72,"column":20},"end":{"line":72,"column":49},"skip":true},{"start":{"line":73,"column":20},"end":{"line":73,"column":58},"skip":true},{"start":{"line":74,"column":20},"end":{"line":74,"column":69},"skip":true}]},"9":{"line":79,"type":"switch","locations":[{"start":{"line":80,"column":20},"end":{"line":80,"column":33},"skip":true},{"start":{"line":81,"column":20},"end":{"line":83,"column":30},"skip":true},{"start":{"line":84,"column":20},"end":{"line":85,"column":49},"skip":true}]},"10":{"line":89,"type":"switch","locations":[{"start":{"line":90,"column":12},"end":{"line":103,"column":22},"skip":true},{"start":{"line":105,"column":12},"end":{"line":106,"column":22},"skip":true}]},"11":{"line":89,"type":"binary-expr","locations":[{"start":{"line":89,"column":20},"end":{"line":89,"column":25},"skip":true},{"start":{"line":89,"column":29},"end":{"line":89,"column":48},"skip":true},{"start":{"line":89,"column":52},"end":{"line":89,"column":74},"skip":true}]},"12":{"line":92,"type":"if","locations":[{"start":{"line":92,"column":16},"end":{"line":92,"column":16},"skip":true},{"start":{"line":92,"column":16},"end":{"line":92,"column":16},"skip":true}]},"13":{"line":108,"type":"if","locations":[{"start":{"line":108,"column":12},"end":{"line":108,"column":12},"skip":true},{"start":{"line":108,"column":12},"end":{"line":108,"column":12},"skip":true}]},"14":{"line":108,"type":"binary-expr","locations":[{"start":{"line":108,"column":16},"end":{"line":108,"column":61},"skip":true},{"start":{"line":108,"column":66},"end":{"line":108,"column":72},"skip":true},{"start":{"line":108,"column":77},"end":{"line":108,"column":82},"skip":true},{"start":{"line":109,"column":20},"end":{"line":109,"column":39},"skip":true},{"start":{"line":110,"column":20},"end":{"line":110,"column":49},"skip":true},{"start":{"line":111,"column":20},"end":{"line":111,"column":58},"skip":true},{"start":{"line":112,"column":20},"end":{"line":112,"column":68},"skip":true}]},"15":{"line":129,"type":"if","locations":[{"start":{"line":129,"column":16},"end":{"line":129,"column":16},"skip":true},{"start":{"line":129,"column":16},"end":{"line":129,"column":16},"skip":true}]},"16":{"line":134,"type":"cond-expr","locations":[{"start":{"line":135,"column":26},"end":{"line":135,"column":29},"skip":true},{"start":{"line":136,"column":26},"end":{"line":136,"column":54},"skip":true}]},"17":{"line":164,"type":"binary-expr","locations":[{"start":{"line":164,"column":27},"end":{"line":164,"column":43},"skip":true},{"start":{"line":164,"column":47},"end":{"line":164,"column":49},"skip":true}]},"18":{"line":258,"type":"if","locations":[{"start":{"line":258,"column":8},"end":{"line":258,"column":8},"skip":true},{"start":{"line":258,"column":8},"end":{"line":258,"column":8},"skip":true}]},"19":{"line":275,"type":"switch","locations":[{"start":{"line":276,"column":20},"end":{"line":277,"column":64},"skip":true},{"start":{"line":278,"column":20},"end":{"line":279,"column":40},"skip":true},{"start":{"line":280,"column":20},"end":{"line":281,"column":40},"skip":true},{"start":{"line":282,"column":20},"end":{"line":283,"column":39},"skip":true}]},"20":{"line":288,"type":"if","locations":[{"start":{"line":288,"column":8},"end":{"line":288,"column":8},"skip":true},{"start":{"line":288,"column":8},"end":{"line":288,"column":8},"skip":true}]},"21":{"line":288,"type":"binary-expr","locations":[{"start":{"line":288,"column":12},"end":{"line":288,"column":40},"skip":true},{"start":{"line":288,"column":44},"end":{"line":288,"column":67},"skip":true}]},"22":{"line":292,"type":"binary-expr","locations":[{"start":{"line":292,"column":12},"end":{"line":292,"column":50},"skip":true},{"start":{"line":293,"column":12},"end":{"line":293,"column":53},"skip":true}]},"23":{"line":297,"type":"binary-expr","locations":[{"start":{"line":297,"column":12},"end":{"line":297,"column":73},"skip":true},{"start":{"line":298,"column":12},"end":{"line":301,"column":36},"skip":true}]},"24":{"line":303,"type":"binary-expr","locations":[{"start":{"line":303,"column":43},"end":{"line":303,"column":75},"skip":true},{"start":{"line":303,"column":79},"end":{"line":303,"column":81},"skip":true}]},"25":{"line":306,"type":"if","locations":[{"start":{"line":306,"column":8},"end":{"line":306,"column":8},"skip":true},{"start":{"line":306,"column":8},"end":{"line":306,"column":8},"skip":true}]},"26":{"line":310,"type":"if","locations":[{"start":{"line":310,"column":8},"end":{"line":310,"column":8},"skip":true},{"start":{"line":310,"column":8},"end":{"line":310,"column":8},"skip":true}]},"27":{"line":313,"type":"binary-expr","locations":[{"start":{"line":313,"column":27},"end":{"line":313,"column":43},"skip":true},{"start":{"line":313,"column":47},"end":{"line":313,"column":53},"skip":true}]},"28":{"line":317,"type":"if","locations":[{"start":{"line":317,"column":12},"end":{"line":317,"column":12},"skip":true},{"start":{"line":317,"column":12},"end":{"line":317,"column":12},"skip":true}]}},"code":["/*","example.js","","quickstart example","","instruction","    1. save this script as example.js","    2. run the shell command:","        $ npm install npmtest-react-sketchapp && PORT=8081 node example.js","    3. play with the browser-demo on http://127.0.0.1:8081","*/","","","","/* istanbul instrument in package npmtest_react_sketchapp */","/*jslint","    bitwise: true,","    browser: true,","    maxerr: 8,","    maxlen: 96,","    node: true,","    nomen: true,","    regexp: true,","    stupid: true","*/","(function () {","    'use strict';","    var local;","","","","    // run shared js-env code - pre-init","    (function () {","        // init local","        local = {};","        // init modeJs","        local.modeJs = (function () {","            try {","                return typeof navigator.userAgent === 'string' &&","                    typeof document.querySelector('body') === 'object' &&","                    typeof XMLHttpRequest.prototype.open === 'function' &&","                    'browser';","            } catch (errorCaughtBrowser) {","                return module.exports &&","                    typeof process.versions.node === 'string' &&","                    typeof require('http').createServer === 'function' &&","                    'node';","            }","        }());","        // init global","        local.global = local.modeJs === 'browser'","            ? window","            : global;","        // init utility2_rollup","        local = local.global.utility2_rollup || (local.modeJs === 'browser'","            ? local.global.utility2_npmtest_react_sketchapp","            : global.utility2_moduleExports);","        // export local","        local.global.local = local;","    }());","    switch (local.modeJs) {","","","","    // post-init","    // run browser js-env code - post-init","    /* istanbul ignore next */","    case 'browser':","        local.testRunBrowser = function (event) {","            if (!event || (event &&","                    event.currentTarget &&","                    event.currentTarget.className &&","                    event.currentTarget.className.includes &&","                    event.currentTarget.className.includes('onreset'))) {","                // reset output","                Array.from(","                    document.querySelectorAll('body > .resettable')","                ).forEach(function (element) {","                    switch (element.tagName) {","                    case 'INPUT':","                    case 'TEXTAREA':","                        element.value = '';","                        break;","                    default:","                        element.textContent = '';","                    }","                });","            }","            switch (event && event.currentTarget && event.currentTarget.id) {","            case 'testRunButton1':","                // show tests","                if (document.querySelector('#testReportDiv1').style.display === 'none') {","                    document.querySelector('#testReportDiv1').style.display = 'block';","                    document.querySelector('#testRunButton1').textContent =","                        'hide internal test';","                    local.modeTest = true;","                    local.testRunDefault(local);","                // hide tests","                } else {","                    document.querySelector('#testReportDiv1').style.display = 'none';","                    document.querySelector('#testRunButton1').textContent = 'run internal test';","                }","                break;","            // custom-case","            default:","                break;","            }","            if (document.querySelector('#inputTextareaEval1') && (!event || (event &&","                    event.currentTarget &&","                    event.currentTarget.className &&","                    event.currentTarget.className.includes &&","                    event.currentTarget.className.includes('oneval')))) {","                // try to eval input-code","                try {","                    /*jslint evil: true*/","                    eval(document.querySelector('#inputTextareaEval1').value);","                } catch (errorCaught) {","                    console.error(errorCaught);","                }","            }","        };","        // log stderr and stdout to #outputTextareaStdout1","        ['error', 'log'].forEach(function (key) {","            console[key + '_original'] = console[key];","            console[key] = function () {","                var element;","                console[key + '_original'].apply(console, arguments);","                element = document.querySelector('#outputTextareaStdout1');","                if (!element) {","                    return;","                }","                // append text to #outputTextareaStdout1","                element.value += Array.from(arguments).map(function (arg) {","                    return typeof arg === 'string'","                        ? arg","                        : JSON.stringify(arg, null, 4);","                }).join(' ') + '\\n';","                // scroll textarea to bottom","                element.scrollTop = element.scrollHeight;","            };","        });","        // init event-handling","        ['change', 'click', 'keyup'].forEach(function (event) {","            Array.from(document.querySelectorAll('.on' + event)).forEach(function (element) {","                element.addEventListener(event, local.testRunBrowser);","            });","        });","        // run tests","        local.testRunBrowser();","        break;","","","","    // run node js-env code - post-init","    /* istanbul ignore next */","    case 'node':","        // export local","        module.exports = local;","        // require modules","        local.fs = require('fs');","        local.http = require('http');","        local.url = require('url');","        // init assets","        local.assetsDict = local.assetsDict || {};","        /* jslint-ignore-begin */","        local.assetsDict['/assets.index.template.html'] = '\\","<!doctype html>\\n\\","<html lang=\"en\">\\n\\","<head>\\n\\","<meta charset=\"UTF-8\">\\n\\","<meta name=\"viewport\" content=\"width=device-width, initial-scale=1\">\\n\\","<title>{{env.npm_package_name}} (v{{env.npm_package_version}})</title>\\n\\","<style>\\n\\","/*csslint\\n\\","    box-sizing: false,\\n\\","    universal-selector: false\\n\\","*/\\n\\","* {\\n\\","    box-sizing: border-box;\\n\\","}\\n\\","body {\\n\\","    background: #dde;\\n\\","    font-family: Arial, Helvetica, sans-serif;\\n\\","    margin: 2rem;\\n\\","}\\n\\","body > * {\\n\\","    margin-bottom: 1rem;\\n\\","}\\n\\",".utility2FooterDiv {\\n\\","    margin-top: 20px;\\n\\","    text-align: center;\\n\\","}\\n\\","</style>\\n\\","<style>\\n\\","/*csslint\\n\\","*/\\n\\","textarea {\\n\\","    font-family: monospace;\\n\\","    height: 10rem;\\n\\","    width: 100%;\\n\\","}\\n\\","textarea[readonly] {\\n\\","    background: #ddd;\\n\\","}\\n\\","</style>\\n\\","</head>\\n\\","<body>\\n\\","<!-- utility2-comment\\n\\","<div id=\"ajaxProgressDiv1\" style=\"background: #d00; height: 2px; left: 0; margin: 0; padding: 0; position: fixed; top: 0; transition: background 0.5s, width 1.5s; width: 25%;\"></div>\\n\\","utility2-comment -->\\n\\","<h1>\\n\\","<!-- utility2-comment\\n\\","    <a\\n\\","        {{#if env.npm_package_homepage}}\\n\\","        href=\"{{env.npm_package_homepage}}\"\\n\\","        {{/if env.npm_package_homepage}}\\n\\","        target=\"_blank\"\\n\\","    >\\n\\","utility2-comment -->\\n\\","        {{env.npm_package_name}} (v{{env.npm_package_version}})\\n\\","<!-- utility2-comment\\n\\","    </a>\\n\\","utility2-comment -->\\n\\","</h1>\\n\\","<h3>{{env.npm_package_description}}</h3>\\n\\","<!-- utility2-comment\\n\\","<h4><a download href=\"assets.app.js\">download standalone app</a></h4>\\n\\","<button class=\"onclick onreset\" id=\"testRunButton1\">run internal test</button><br>\\n\\","<div id=\"testReportDiv1\" style=\"display: none;\"></div>\\n\\","utility2-comment -->\\n\\","\\n\\","\\n\\","\\n\\","<label>stderr and stdout</label>\\n\\","<textarea class=\"resettable\" id=\"outputTextareaStdout1\" readonly></textarea>\\n\\","<!-- utility2-comment\\n\\","{{#if isRollup}}\\n\\","<script src=\"assets.app.js\"></script>\\n\\","{{#unless isRollup}}\\n\\","utility2-comment -->\\n\\","<script src=\"assets.utility2.rollup.js\"></script>\\n\\","<script src=\"jsonp.utility2._stateInit?callback=window.utility2._stateInit\"></script>\\n\\","<script src=\"assets.npmtest_react_sketchapp.rollup.js\"></script>\\n\\","<script src=\"assets.example.js\"></script>\\n\\","<script src=\"assets.test.js\"></script>\\n\\","<!-- utility2-comment\\n\\","{{/if isRollup}}\\n\\","utility2-comment -->\\n\\","<div class=\"utility2FooterDiv\">\\n\\","    [ this app was created with\\n\\","    <a href=\"https://github.com/kaizhu256/node-utility2\" target=\"_blank\">utility2</a>\\n\\","    ]\\n\\","</div>\\n\\","</body>\\n\\","</html>\\n\\","';","        /* jslint-ignore-end */","        if (local.templateRender) {","            local.assetsDict['/'] = local.templateRender(","                local.assetsDict['/assets.index.template.html'],","                {","                    env: local.objectSetDefault(local.env, {","                        npm_package_description: 'the greatest app in the world!',","                        npm_package_name: 'my-app',","                        npm_package_nameAlias: 'my_app',","                        npm_package_version: '0.0.1'","                    })","                }","            );","        } else {","            local.assetsDict['/'] = local.assetsDict['/assets.index.template.html']","                .replace((/\\{\\{env\\.(\\w+?)\\}\\}/g), function (match0, match1) {","                    // jslint-hack","                    String(match0);","                    switch (match1) {","                    case 'npm_package_description':","                        return 'the greatest app in the world!';","                    case 'npm_package_name':","                        return 'my-app';","                    case 'npm_package_nameAlias':","                        return 'my_app';","                    case 'npm_package_version':","                        return '0.0.1';","                    }","                });","        }","        // run the cli","        if (local.global.utility2_rollup || module !== require.main) {","            break;","        }","        local.assetsDict['/assets.example.js'] =","            local.assetsDict['/assets.example.js'] ||","            local.fs.readFileSync(__filename, 'utf8');","        // bug-workaround - long $npm_package_buildCustomOrg","        /* jslint-ignore-begin */","        local.assetsDict['/assets.npmtest_react_sketchapp.rollup.js'] =","            local.assetsDict['/assets.npmtest_react_sketchapp.rollup.js'] ||","            local.fs.readFileSync(","                local.npmtest_react_sketchapp.__dirname + '/lib.npmtest_react_sketchapp.js',","                'utf8'","            ).replace((/^#!/), '//');","        /* jslint-ignore-end */","        local.assetsDict['/favicon.ico'] = local.assetsDict['/favicon.ico'] || '';","        // if $npm_config_timeout_exit exists,","        // then exit this process after $npm_config_timeout_exit ms","        if (Number(process.env.npm_config_timeout_exit)) {","            setTimeout(process.exit, Number(process.env.npm_config_timeout_exit));","        }","        // start server","        if (local.global.utility2_serverHttp1) {","            break;","        }","        process.env.PORT = process.env.PORT || '8081';","        console.error('server starting on port ' + process.env.PORT);","        local.http.createServer(function (request, response) {","            request.urlParsed = local.url.parse(request.url);","            if (local.assetsDict[request.urlParsed.pathname] !== undefined) {","                response.end(local.assetsDict[request.urlParsed.pathname]);","                return;","            }","            response.statusCode = 404;","            response.end();","        }).listen(process.env.PORT);","        break;","    }","}());",""],"l":{"26":2,"28":2,"33":2,"35":2,"37":2,"38":2,"39":2,"44":1,"51":2,"55":2,"59":2,"61":2,"69":1,"70":2,"76":2,"79":2,"82":2,"83":2,"85":1,"89":2,"92":1,"93":1,"94":1,"96":1,"97":1,"100":1,"101":1,"103":1,"106":1,"108":2,"114":1,"116":1,"118":1,"123":1,"124":2,"125":2,"126":3,"127":3,"128":3,"129":3,"130":1,"133":3,"134":3,"139":3,"143":1,"144":3,"145":1,"149":1,"150":1,"158":1,"160":1,"161":1,"162":1,"164":1,"166":1,"258":1,"259":1,"271":1,"274":6,"275":6,"277":1,"279":2,"281":1,"283":2,"288":1,"289":1,"291":1,"296":1,"303":1,"306":1,"307":1,"310":1,"311":1,"313":1,"314":1,"315":1,"316":1,"317":1,"318":1,"319":1,"321":1,"322":1,"324":1}},"/home/travis/build/npmtest/node-npmtest-react-sketchapp/node_modules/react-sketchapp/lib/index.js":{"path":"/home/travis/build/npmtest/node-npmtest-react-sketchapp/node_modules/react-sketchapp/lib/index.js","s":{"1":2,"2":0,"3":0,"4":0,"5":0,"6":0,"7":0,"8":0,"9":0,"10":0,"11":0,"12":0,"13":0,"14":0,"15":0,"16":0,"17":0,"18":1,"19":0,"20":0},"b":{"1":[0,0],"2":[0,0]},"f":{"1":0},"fnMap":{"1":{"name":"_interopRequireDefault","line":37,"loc":{"start":{"line":37,"column":0},"end":{"line":37,"column":37}}}},"statementMap":{"1":{"start":{"line":3,"column":0},"end":{"line":3,"column":34}},"2":{"start":{"line":5,"column":0},"end":{"line":5,"column":38}},"3":{"start":{"line":7,"column":0},"end":{"line":7,"column":51}},"4":{"start":{"line":9,"column":0},"end":{"line":9,"column":42}},"5":{"start":{"line":11,"column":0},"end":{"line":11,"column":55}},"6":{"start":{"line":13,"column":0},"end":{"line":13,"column":49}},"7":{"start":{"line":15,"column":0},"end":{"line":15,"column":51}},"8":{"start":{"line":17,"column":0},"end":{"line":17,"column":43}},"9":{"start":{"line":19,"column":0},"end":{"line":19,"column":45}},"10":{"start":{"line":21,"column":0},"end":{"line":21,"column":45}},"11":{"start":{"line":23,"column":0},"end":{"line":23,"column":47}},"12":{"start":{"line":25,"column":0},"end":{"line":25,"column":41}},"13":{"start":{"line":27,"column":0},"end":{"line":27,"column":43}},"14":{"start":{"line":29,"column":0},"end":{"line":29,"column":41}},"15":{"start":{"line":31,"column":0},"end":{"line":31,"column":43}},"16":{"start":{"line":33,"column":0},"end":{"line":33,"column":55}},"17":{"start":{"line":35,"column":0},"end":{"line":35,"column":55}},"18":{"start":{"line":37,"column":0},"end":{"line":37,"column":95}},"19":{"start":{"line":37,"column":39},"end":{"line":37,"column":93}},"20":{"start":{"line":39,"column":0},"end":{"line":50,"column":2}}},"branchMap":{"1":{"line":37,"type":"cond-expr","locations":[{"start":{"line":37,"column":70},"end":{"line":37,"column":73}},{"start":{"line":37,"column":76},"end":{"line":37,"column":92}}]},"2":{"line":37,"type":"binary-expr","locations":[{"start":{"line":37,"column":46},"end":{"line":37,"column":49}},{"start":{"line":37,"column":53},"end":{"line":37,"column":67}}]}},"code":["'use strict';","","var _render = require('./render');","","var _Platform = require('./Platform');","","var _Platform2 = _interopRequireDefault(_Platform);","","var _stylesheet = require('./stylesheet');","","var _stylesheet2 = _interopRequireDefault(_stylesheet);","","var _Artboard = require('./components/Artboard');","","var _Artboard2 = _interopRequireDefault(_Artboard);","","var _Image = require('./components/Image');","","var _Image2 = _interopRequireDefault(_Image);","","var _RedBox = require('./components/RedBox');","","var _RedBox2 = _interopRequireDefault(_RedBox);","","var _View = require('./components/View');","","var _View2 = _interopRequireDefault(_View);","","var _Text = require('./components/Text');","","var _Text2 = _interopRequireDefault(_Text);","","var _TextStyles = require('./sharedStyles/TextStyles');","","var _TextStyles2 = _interopRequireDefault(_TextStyles);","","function _interopRequireDefault(obj) { return obj && obj.__esModule ? obj : { default: obj }; }","","module.exports = {","  render: _render.render,","  renderToJSON: _render.renderToJSON,","  StyleSheet: _stylesheet2.default,","  Artboard: _Artboard2.default,","  Image: _Image2.default,","  RedBox: _RedBox2.default,","  Text: _Text2.default,","  TextStyles: _TextStyles2.default,","  View: _View2.default,","  Platform: _Platform2.default","};"],"l":{"3":2,"5":0,"7":0,"9":0,"11":0,"13":0,"15":0,"17":0,"19":0,"21":0,"23":0,"25":0,"27":0,"29":0,"31":0,"33":0,"35":0,"37":1,"39":0}},"/home/travis/build/npmtest/node-npmtest-react-sketchapp/node_modules/react-sketchapp/lib/render.js":{"path":"/home/travis/build/npmtest/node-npmtest-react-sketchapp/node_modules/react-sketchapp/lib/render.js","s":{"1":4,"2":4,"3":4,"4":4,"5":4,"6":4,"7":0,"8":0,"9":0,"10":0,"11":0,"12":0,"13":1,"14":4,"15":0,"16":0,"17":0,"18":0,"19":0,"20":0,"21":0,"22":0,"23":0,"24":0,"25":0,"26":0,"27":0,"28":0,"29":0,"30":0,"31":0,"32":0,"33":0,"34":0},"b":{"1":[0,4],"2":[4,4],"3":[0,0]},"f":{"1":4,"2":0,"3":0,"4":0,"5":0,"6":0,"7":0,"8":0},"fnMap":{"1":{"name":"_interopRequireDefault","line":28,"loc":{"start":{"line":28,"column":0},"end":{"line":28,"column":37}}},"2":{"name":"renderToJSON","line":30,"loc":{"start":{"line":30,"column":42},"end":{"line":30,"column":73}}},"3":{"name":"(anonymous_3)","line":31,"loc":{"start":{"line":31,"column":38},"end":{"line":31,"column":50}}},"4":{"name":"renderToSketch","line":37,"loc":{"start":{"line":37,"column":21},"end":{"line":37,"column":62}}},"5":{"name":"render","line":44,"loc":{"start":{"line":44,"column":30},"end":{"line":44,"column":66}}},"6":{"name":"(anonymous_6)","line":47,"loc":{"start":{"line":47,"column":42},"end":{"line":47,"column":54}}},"7":{"name":"(anonymous_7)","line":50,"loc":{"start":{"line":50,"column":38},"end":{"line":50,"column":50}}},"8":{"name":"(anonymous_8)","line":55,"loc":{"start":{"line":55,"column":38},"end":{"line":55,"column":50}}}},"statementMap":{"1":{"start":{"line":3,"column":0},"end":{"line":5,"column":3}},"2":{"start":{"line":6,"column":0},"end":{"line":6,"column":50}},"3":{"start":{"line":8,"column":0},"end":{"line":8,"column":30}},"4":{"start":{"line":10,"column":0},"end":{"line":10,"column":45}},"5":{"start":{"line":12,"column":0},"end":{"line":12,"column":60}},"6":{"start":{"line":14,"column":0},"end":{"line":14,"column":40}},"7":{"start":{"line":16,"column":0},"end":{"line":16,"column":53}},"8":{"start":{"line":18,"column":0},"end":{"line":18,"column":54}},"9":{"start":{"line":20,"column":0},"end":{"line":20,"column":67}},"10":{"start":{"line":22,"column":0},"end":{"line":22,"column":32}},"11":{"start":{"line":24,"column":0},"end":{"line":24,"column":45}},"12":{"start":{"line":26,"column":0},"end":{"line":26,"column":47}},"13":{"start":{"line":28,"column":0},"end":{"line":28,"column":95}},"14":{"start":{"line":28,"column":39},"end":{"line":28,"column":93}},"15":{"start":{"line":30,"column":0},"end":{"line":35,"column":2}},"16":{"start":{"line":31,"column":2},"end":{"line":33,"column":19}},"17":{"start":{"line":32,"column":4},"end":{"line":32,"column":45}},"18":{"start":{"line":34,"column":2},"end":{"line":34,"column":47}},"19":{"start":{"line":37,"column":0},"end":{"line":42,"column":2}},"20":{"start":{"line":38,"column":2},"end":{"line":38,"column":51}},"21":{"start":{"line":39,"column":2},"end":{"line":39,"column":66}},"22":{"start":{"line":40,"column":2},"end":{"line":40,"column":48}},"23":{"start":{"line":41,"column":2},"end":{"line":41,"column":19}},"24":{"start":{"line":44,"column":0},"end":{"line":61,"column":2}},"25":{"start":{"line":45,"column":2},"end":{"line":59,"column":3}},"26":{"start":{"line":46,"column":4},"end":{"line":58,"column":5}},"27":{"start":{"line":47,"column":6},"end":{"line":49,"column":23}},"28":{"start":{"line":48,"column":8},"end":{"line":48,"column":49}},"29":{"start":{"line":50,"column":6},"end":{"line":52,"column":25}},"30":{"start":{"line":51,"column":8},"end":{"line":51,"column":47}},"31":{"start":{"line":54,"column":6},"end":{"line":54,"column":108}},"32":{"start":{"line":55,"column":6},"end":{"line":57,"column":25}},"33":{"start":{"line":56,"column":8},"end":{"line":56,"column":48}},"34":{"start":{"line":60,"column":2},"end":{"line":60,"column":14}}},"branchMap":{"1":{"line":28,"type":"cond-expr","locations":[{"start":{"line":28,"column":70},"end":{"line":28,"column":73}},{"start":{"line":28,"column":76},"end":{"line":28,"column":92}}]},"2":{"line":28,"type":"binary-expr","locations":[{"start":{"line":28,"column":46},"end":{"line":28,"column":49}},{"start":{"line":28,"column":53},"end":{"line":28,"column":67}}]},"3":{"line":45,"type":"if","locations":[{"start":{"line":45,"column":2},"end":{"line":45,"column":2}},{"start":{"line":45,"column":2},"end":{"line":45,"column":2}}]}},"code":["'use strict';","","Object.defineProperty(exports, \"__esModule\", {","  value: true","});","exports.render = exports.renderToJSON = undefined;","","var _react = require('react');","","var _react2 = _interopRequireDefault(_react);","","var _sketchappJsonPlugin = require('sketchapp-json-plugin');","","var _buildTree = require('./buildTree');","","var _buildTree2 = _interopRequireDefault(_buildTree);","","var _flexToSketchJSON = require('./flexToSketchJSON');","","var _flexToSketchJSON2 = _interopRequireDefault(_flexToSketchJSON);","","var _debug = require('./debug');","","var _RedBox = require('./components/RedBox');","","var _RedBox2 = _interopRequireDefault(_RedBox);","","function _interopRequireDefault(obj) { return obj && obj.__esModule ? obj : { default: obj }; }","","var renderToJSON = exports.renderToJSON = function renderToJSON(element) {","  var tree = (0, _debug.timeFunction)(function () {","    return (0, _buildTree2.default)(element);","  }, 'build tree');","  return (0, _flexToSketchJSON2.default)(tree);","};","","var renderToSketch = function renderToSketch(node, container) {","  var json = (0, _flexToSketchJSON2.default)(node);","  var layer = (0, _sketchappJsonPlugin.fromSJSONDictionary)(json);","  container.replaceAllLayersWithLayers([layer]);","  return container;","};","","var render = exports.render = function render(element, container) {","  if ((0, _sketchappJsonPlugin.appVersionSupported)()) {","    try {","      var tree = (0, _debug.timeFunction)(function () {","        return (0, _buildTree2.default)(element);","      }, 'build tree');","      return (0, _debug.timeFunction)(function () {","        return renderToSketch(tree, container);","      }, 'new renderer');","    } catch (err) {","      var _tree = (0, _buildTree2.default)(_react2.default.createElement(_RedBox2.default, { error: err }));","      return (0, _debug.timeFunction)(function () {","        return renderToSketch(_tree, container);","      }, 'new renderer');","    }","  }","  return null;","};"],"l":{"3":4,"6":4,"8":4,"10":4,"12":4,"14":4,"16":0,"18":0,"20":0,"22":0,"24":0,"26":0,"28":4,"30":0,"31":0,"32":0,"34":0,"37":0,"38":0,"39":0,"40":0,"41":0,"44":0,"45":0,"46":0,"47":0,"48":0,"50":0,"51":0,"54":0,"55":0,"56":0,"60":0}},"/home/travis/build/npmtest/node-npmtest-react-sketchapp/node_modules/react-sketchapp/lib/buildTree.js":{"path":"/home/travis/build/npmtest/node-npmtest-react-sketchapp/node_modules/react-sketchapp/lib/buildTree.js","s":{"1":6,"2":6,"3":0,"4":0,"5":0,"6":0,"7":0,"8":0,"9":6,"10":6,"11":6,"12":6,"13":6,"14":6,"15":6,"16":0,"17":0,"18":0,"19":0,"20":0,"21":0,"22":1,"23":18,"24":0,"25":0,"26":0,"27":0,"28":0,"29":0,"30":0,"31":0,"32":0,"33":0,"34":0,"35":0,"36":0,"37":0,"38":0,"39":0,"40":0,"41":0,"42":0,"43":0,"44":0,"45":0,"46":0,"47":0},"b":{"1":[6,0],"2":[0,0],"3":[0,18],"4":[18,18],"5":[0,0],"6":[0,0],"7":[0,0],"8":[0,0],"9":[0,0,0]},"f":{"1":0,"2":18,"3":0,"4":0,"5":0,"6":0,"7":0},"fnMap":{"1":{"name":"(anonymous_1)","line":7,"loc":{"start":{"line":7,"column":32},"end":{"line":7,"column":50}}},"2":{"name":"_interopRequireDefault","line":35,"loc":{"start":{"line":35,"column":0},"end":{"line":35,"column":37}}},"3":{"name":"reactTreeToFlexTree","line":39,"loc":{"start":{"line":39,"column":26},"end":{"line":39,"column":70}}},"4":{"name":"(anonymous_4)","line":73,"loc":{"start":{"line":73,"column":27},"end":{"line":73,"column":44}}},"5":{"name":"buildTree","line":79,"loc":{"start":{"line":79,"column":16},"end":{"line":79,"column":44}}},"6":{"name":"(anonymous_6)","line":82,"loc":{"start":{"line":82,"column":38},"end":{"line":82,"column":50}}},"7":{"name":"(anonymous_7)","line":85,"loc":{"start":{"line":85,"column":27},"end":{"line":85,"column":39}}}},"statementMap":{"1":{"start":{"line":3,"column":0},"end":{"line":5,"column":3}},"2":{"start":{"line":7,"column":0},"end":{"line":7,"column":257}},"3":{"start":{"line":7,"column":52},"end":{"line":7,"column":239}},"4":{"start":{"line":7,"column":97},"end":{"line":7,"column":123}},"5":{"start":{"line":7,"column":124},"end":{"line":7,"column":237}},"6":{"start":{"line":7,"column":150},"end":{"line":7,"column":235}},"7":{"start":{"line":7,"column":207},"end":{"line":7,"column":233}},"8":{"start":{"line":7,"column":240},"end":{"line":7,"column":254}},"9":{"start":{"line":9,"column":0},"end":{"line":9,"column":56}},"10":{"start":{"line":11,"column":0},"end":{"line":11,"column":69}},"11":{"start":{"line":13,"column":0},"end":{"line":13,"column":39}},"12":{"start":{"line":15,"column":0},"end":{"line":15,"column":53}},"13":{"start":{"line":17,"column":0},"end":{"line":17,"column":42}},"14":{"start":{"line":19,"column":0},"end":{"line":19,"column":49}},"15":{"start":{"line":21,"column":0},"end":{"line":21,"column":68}},"16":{"start":{"line":23,"column":0},"end":{"line":23,"column":75}},"17":{"start":{"line":25,"column":0},"end":{"line":25,"column":32}},"18":{"start":{"line":27,"column":0},"end":{"line":27,"column":54}},"19":{"start":{"line":29,"column":0},"end":{"line":29,"column":61}},"20":{"start":{"line":31,"column":0},"end":{"line":31,"column":36}},"21":{"start":{"line":33,"column":0},"end":{"line":33,"column":43}},"22":{"start":{"line":35,"column":0},"end":{"line":35,"column":95}},"23":{"start":{"line":35,"column":39},"end":{"line":35,"column":93}},"24":{"start":{"line":37,"column":0},"end":{"line":37,"column":228}},"25":{"start":{"line":39,"column":0},"end":{"line":77,"column":2}},"26":{"start":{"line":40,"column":2},"end":{"line":53,"column":3}},"27":{"start":{"line":41,"column":4},"end":{"line":41,"column":50}},"28":{"start":{"line":43,"column":4},"end":{"line":52,"column":6}},"29":{"start":{"line":55,"column":2},"end":{"line":55,"column":37}},"30":{"start":{"line":56,"column":2},"end":{"line":56,"column":37}},"31":{"start":{"line":58,"column":2},"end":{"line":58,"column":25}},"32":{"start":{"line":59,"column":2},"end":{"line":65,"column":3}},"33":{"start":{"line":60,"column":4},"end":{"line":60,"column":75}},"34":{"start":{"line":61,"column":4},"end":{"line":61,"column":52}},"35":{"start":{"line":62,"column":4},"end":{"line":62,"column":78}},"36":{"start":{"line":64,"column":4},"end":{"line":64,"column":45}},"37":{"start":{"line":67,"column":2},"end":{"line":76,"column":4}},"38":{"start":{"line":74,"column":6},"end":{"line":74,"column":63}},"39":{"start":{"line":79,"column":0},"end":{"line":90,"column":2}},"40":{"start":{"line":80,"column":2},"end":{"line":80,"column":61}},"41":{"start":{"line":81,"column":2},"end":{"line":81,"column":31}},"42":{"start":{"line":82,"column":2},"end":{"line":84,"column":30}},"43":{"start":{"line":83,"column":4},"end":{"line":83,"column":62}},"44":{"start":{"line":85,"column":2},"end":{"line":87,"column":24}},"45":{"start":{"line":86,"column":4},"end":{"line":86,"column":42}},"46":{"start":{"line":89,"column":2},"end":{"line":89,"column":14}},"47":{"start":{"line":92,"column":0},"end":{"line":92,"column":28}}},"branchMap":{"1":{"line":7,"type":"binary-expr","locations":[{"start":{"line":7,"column":15},"end":{"line":7,"column":28}},{"start":{"line":7,"column":32},"end":{"line":7,"column":256}}]},"2":{"line":7,"type":"if","locations":[{"start":{"line":7,"column":150},"end":{"line":7,"column":150}},{"start":{"line":7,"column":150},"end":{"line":7,"column":150}}]},"3":{"line":35,"type":"cond-expr","locations":[{"start":{"line":35,"column":70},"end":{"line":35,"column":73}},{"start":{"line":35,"column":76},"end":{"line":35,"column":92}}]},"4":{"line":35,"type":"binary-expr","locations":[{"start":{"line":35,"column":46},"end":{"line":35,"column":49}},{"start":{"line":35,"column":53},"end":{"line":35,"column":67}}]},"5":{"line":40,"type":"if","locations":[{"start":{"line":40,"column":2},"end":{"line":40,"column":2}},{"start":{"line":40,"column":2},"end":{"line":40,"column":2}}]},"6":{"line":55,"type":"binary-expr","locations":[{"start":{"line":55,"column":17},"end":{"line":55,"column":30}},{"start":{"line":55,"column":34},"end":{"line":55,"column":36}}]},"7":{"line":56,"type":"binary-expr","locations":[{"start":{"line":56,"column":14},"end":{"line":56,"column":30}},{"start":{"line":56,"column":34},"end":{"line":56,"column":36}}]},"8":{"line":59,"type":"if","locations":[{"start":{"line":59,"column":2},"end":{"line":59,"column":2}},{"start":{"line":59,"column":2},"end":{"line":59,"column":2}}]},"9":{"line":59,"type":"binary-expr","locations":[{"start":{"line":59,"column":6},"end":{"line":59,"column":26}},{"start":{"line":59,"column":30},"end":{"line":59,"column":46}},{"start":{"line":59,"column":50},"end":{"line":59,"column":105}}]}},"code":["'use strict';","","Object.defineProperty(exports, \"__esModule\", {","  value: true","});","","var _extends = Object.assign || function (target) { for (var i = 1; i < arguments.length; i++) { var source = arguments[i]; for (var key in source) { if (Object.prototype.hasOwnProperty.call(source, key)) { target[key] = source[key]; } } } return target; };","","var _reactTestRenderer = require('react-test-renderer');","","var _reactTestRenderer2 = _interopRequireDefault(_reactTestRenderer);","","var _cssLayout = require('css-layout');","","var _cssLayout2 = _interopRequireDefault(_cssLayout);","","var _Context = require('./utils/Context');","","var _Context2 = _interopRequireDefault(_Context);","","var _createStringMeasurer = require('./utils/createStringMeasurer');","","var _createStringMeasurer2 = _interopRequireDefault(_createStringMeasurer);","","var _debug = require('./debug');","","var _hasAnyDefined = require('./utils/hasAnyDefined');","","var _hasAnyDefined2 = _interopRequireDefault(_hasAnyDefined);","","var _pick = require('./utils/pick');","","var _pick2 = _interopRequireDefault(_pick);","","function _interopRequireDefault(obj) { return obj && obj.__esModule ? obj : { default: obj }; }","","var INHERITABLE_STYLES = ['color', 'fontFamily', 'fontSize', 'fontStyle', 'fontWeight', 'textShadowOffset', 'textShadowRadius', 'textShadowColor', 'textTransform', 'letterSpacing', 'lineHeight', 'textAlign', 'writingDirection'];","","var reactTreeToFlexTree = function reactTreeToFlexTree(node, context) {","  if (typeof node === 'string') {","    var _textStyle = context.getInheritedStyles();","    // string node","    return {","      type: 'text',","      style: {","        measure: (0, _createStringMeasurer2.default)(node, _textStyle)","      },","      textStyle: _textStyle,","      props: {},","      value: node,","      children: []","    };","  }","","  var children = node.children || [];","  var style = node.props.style || {};","","  var textStyle = void 0;","  if (node.type === 'text' && node.props.style && (0, _hasAnyDefined2.default)(style, INHERITABLE_STYLES)) {","    var inheritableStyles = (0, _pick2.default)(style, INHERITABLE_STYLES);","    context.addInheritableStyles(inheritableStyles);","    textStyle = _extends({}, context.getInheritedStyles(), inheritableStyles);","  } else {","    textStyle = context.getInheritedStyles();","  }","","  return {","    type: node.type,","    style: style,","    textStyle: textStyle,","    props: node.props,","    value: null,","    children: children.map(function (child) {","      return reactTreeToFlexTree(child, context.forChildren());","    })","  };","};","","var buildTree = function buildTree(element) {","  var renderer = _reactTestRenderer2.default.create(element);","  var json = renderer.toJSON();","  var tree = (0, _debug.timeFunction)(function () {","    return reactTreeToFlexTree(json, new _Context2.default());","  }, '- reactTreeToFlexTree');","  (0, _debug.timeFunction)(function () {","    return (0, _cssLayout2.default)(tree);","  }, '- computeLayout');","","  return tree;","};","","exports.default = buildTree;"],"l":{"3":6,"7":6,"9":6,"11":6,"13":6,"15":6,"17":6,"19":6,"21":6,"23":0,"25":0,"27":0,"29":0,"31":0,"33":0,"35":18,"37":0,"39":0,"40":0,"41":0,"43":0,"55":0,"56":0,"58":0,"59":0,"60":0,"61":0,"62":0,"64":0,"67":0,"74":0,"79":0,"80":0,"81":0,"82":0,"83":0,"85":0,"86":0,"89":0,"92":0}},"/home/travis/build/npmtest/node-npmtest-react-sketchapp/node_modules/react-sketchapp/lib/utils/Context.js":{"path":"/home/travis/build/npmtest/node-npmtest-react-sketchapp/node_modules/react-sketchapp/lib/utils/Context.js","s":{"1":1,"2":1,"3":1,"4":3,"5":3,"6":3,"7":3,"8":3,"9":3,"10":1,"11":1,"12":1,"13":1,"14":0,"15":1,"16":1,"17":0,"18":0,"19":0,"20":0,"21":0,"22":1,"23":0,"24":0,"25":1,"26":1,"27":0,"28":0,"29":0,"30":0,"31":1,"32":0,"33":0,"34":0,"35":0,"36":0,"37":0,"38":1,"39":1},"b":{"1":[3,3],"2":[3,0],"3":[1,0],"4":[0,1],"5":[0,0],"6":[0,0],"7":[0,0],"8":[0,0],"9":[0,0]},"f":{"1":1,"2":1,"3":1,"4":0,"5":0,"6":1,"7":0,"8":0,"9":0,"10":0},"fnMap":{"1":{"name":"(anonymous_1)","line":3,"loc":{"start":{"line":3,"column":19},"end":{"line":3,"column":31}}},"2":{"name":"defineProperties","line":3,"loc":{"start":{"line":3,"column":33},"end":{"line":3,"column":74}}},"3":{"name":"(anonymous_3)","line":3,"loc":{"start":{"line":3,"column":357},"end":{"line":3,"column":405}}},"4":{"name":"_toConsumableArray","line":5,"loc":{"start":{"line":5,"column":0},"end":{"line":5,"column":33}}},"5":{"name":"_classCallCheck","line":7,"loc":{"start":{"line":7,"column":0},"end":{"line":7,"column":48}}},"6":{"name":"(anonymous_6)","line":9,"loc":{"start":{"line":9,"column":14},"end":{"line":9,"column":26}}},"7":{"name":"Context","line":10,"loc":{"start":{"line":10,"column":2},"end":{"line":10,"column":21}}},"8":{"name":"addInheritableStyles","line":21,"loc":{"start":{"line":21,"column":11},"end":{"line":21,"column":49}}},"9":{"name":"forChildren","line":26,"loc":{"start":{"line":26,"column":11},"end":{"line":26,"column":34}}},"10":{"name":"getInheritedStyles","line":35,"loc":{"start":{"line":35,"column":11},"end":{"line":35,"column":41}}}},"statementMap":{"1":{"start":{"line":3,"column":0},"end":{"line":3,"column":564}},"2":{"start":{"line":3,"column":33},"end":{"line":3,"column":349}},"3":{"start":{"line":3,"column":76},"end":{"line":3,"column":347}},"4":{"start":{"line":3,"column":117},"end":{"line":3,"column":143}},"5":{"start":{"line":3,"column":144},"end":{"line":3,"column":199}},"6":{"start":{"line":3,"column":200},"end":{"line":3,"column":231}},"7":{"start":{"line":3,"column":232},"end":{"line":3,"column":286}},"8":{"start":{"line":3,"column":259},"end":{"line":3,"column":286}},"9":{"start":{"line":3,"column":287},"end":{"line":3,"column":345}},"10":{"start":{"line":3,"column":350},"end":{"line":3,"column":559}},"11":{"start":{"line":3,"column":407},"end":{"line":3,"column":475}},"12":{"start":{"line":3,"column":423},"end":{"line":3,"column":475}},"13":{"start":{"line":3,"column":476},"end":{"line":3,"column":536}},"14":{"start":{"line":3,"column":493},"end":{"line":3,"column":536}},"15":{"start":{"line":3,"column":537},"end":{"line":3,"column":556}},"16":{"start":{"line":5,"column":0},"end":{"line":5,"column":195}},"17":{"start":{"line":5,"column":35},"end":{"line":5,"column":193}},"18":{"start":{"line":5,"column":61},"end":{"line":5,"column":145}},"19":{"start":{"line":5,"column":126},"end":{"line":5,"column":143}},"20":{"start":{"line":5,"column":146},"end":{"line":5,"column":158}},"21":{"start":{"line":5,"column":168},"end":{"line":5,"column":191}},"22":{"start":{"line":7,"column":0},"end":{"line":7,"column":153}},"23":{"start":{"line":7,"column":50},"end":{"line":7,"column":151}},"24":{"start":{"line":7,"column":92},"end":{"line":7,"column":149}},"25":{"start":{"line":9,"column":0},"end":{"line":41,"column":4}},"26":{"start":{"line":10,"column":2},"end":{"line":17,"column":3}},"27":{"start":{"line":11,"column":4},"end":{"line":11,"column":88}},"28":{"start":{"line":13,"column":4},"end":{"line":13,"column":35}},"29":{"start":{"line":15,"column":4},"end":{"line":15,"column":25}},"30":{"start":{"line":16,"column":4},"end":{"line":16,"column":21}},"31":{"start":{"line":19,"column":2},"end":{"line":38,"column":6}},"32":{"start":{"line":22,"column":6},"end":{"line":22,"column":31}},"33":{"start":{"line":27,"column":6},"end":{"line":29,"column":7}},"34":{"start":{"line":28,"column":8},"end":{"line":28,"column":40}},"35":{"start":{"line":30,"column":6},"end":{"line":30,"column":106}},"36":{"start":{"line":31,"column":6},"end":{"line":31,"column":33}},"37":{"start":{"line":36,"column":6},"end":{"line":36,"column":25}},"38":{"start":{"line":40,"column":2},"end":{"line":40,"column":17}},"39":{"start":{"line":43,"column":0},"end":{"line":43,"column":25}}},"branchMap":{"1":{"line":3,"type":"binary-expr","locations":[{"start":{"line":3,"column":168},"end":{"line":3,"column":189}},{"start":{"line":3,"column":193},"end":{"line":3,"column":198}}]},"2":{"line":3,"type":"if","locations":[{"start":{"line":3,"column":232},"end":{"line":3,"column":232}},{"start":{"line":3,"column":232},"end":{"line":3,"column":232}}]},"3":{"line":3,"type":"if","locations":[{"start":{"line":3,"column":407},"end":{"line":3,"column":407}},{"start":{"line":3,"column":407},"end":{"line":3,"column":407}}]},"4":{"line":3,"type":"if","locations":[{"start":{"line":3,"column":476},"end":{"line":3,"column":476}},{"start":{"line":3,"column":476},"end":{"line":3,"column":476}}]},"5":{"line":5,"type":"if","locations":[{"start":{"line":5,"column":35},"end":{"line":5,"column":35}},{"start":{"line":5,"column":35},"end":{"line":5,"column":35}}]},"6":{"line":7,"type":"if","locations":[{"start":{"line":7,"column":50},"end":{"line":7,"column":50}},{"start":{"line":7,"column":50},"end":{"line":7,"column":50}}]},"7":{"line":11,"type":"cond-expr","locations":[{"start":{"line":11,"column":70},"end":{"line":11,"column":82}},{"start":{"line":11,"column":85},"end":{"line":11,"column":87}}]},"8":{"line":11,"type":"binary-expr","locations":[{"start":{"line":11,"column":17},"end":{"line":11,"column":37}},{"start":{"line":11,"column":41},"end":{"line":11,"column":67}}]},"9":{"line":27,"type":"if","locations":[{"start":{"line":27,"column":6},"end":{"line":27,"column":6}},{"start":{"line":27,"column":6},"end":{"line":27,"column":6}}]}},"code":["\"use strict\";","","var _createClass = function () { function defineProperties(target, props) { for (var i = 0; i < props.length; i++) { var descriptor = props[i]; descriptor.enumerable = descriptor.enumerable || false; descriptor.configurable = true; if (\"value\" in descriptor) descriptor.writable = true; Object.defineProperty(target, descriptor.key, descriptor); } } return function (Constructor, protoProps, staticProps) { if (protoProps) defineProperties(Constructor.prototype, protoProps); if (staticProps) defineProperties(Constructor, staticProps); return Constructor; }; }();","","function _toConsumableArray(arr) { if (Array.isArray(arr)) { for (var i = 0, arr2 = Array(arr.length); i < arr.length; i++) { arr2[i] = arr[i]; } return arr2; } else { return Array.from(arr); } }","","function _classCallCheck(instance, Constructor) { if (!(instance instanceof Constructor)) { throw new TypeError(\"Cannot call a class as a function\"); } }","","var Context = function () {","  function Context() {","    var styles = arguments.length > 0 && arguments[0] !== undefined ? arguments[0] : {};","","    _classCallCheck(this, Context);","","    this.styles = styles;","    this.staged = [];","  }","","  _createClass(Context, [{","    key: \"addInheritableStyles\",","    value: function addInheritableStyles(styles) {","      this.staged.push(styles);","    }","  }, {","    key: \"forChildren\",","    value: function forChildren() {","      if (this.staged.length === 0) {","        return new Context(this.styles);","      }","      var styles = Object.assign.apply(Object, [{}, this.styles].concat(_toConsumableArray(this.staged)));","      return new Context(styles);","    }","  }, {","    key: \"getInheritedStyles\",","    value: function getInheritedStyles() {","      return this.styles;","    }","  }]);","","  return Context;","}();","","module.exports = Context;"],"l":{"3":3,"5":1,"7":1,"9":1,"10":1,"11":0,"13":0,"15":0,"16":0,"19":1,"22":0,"27":0,"28":0,"30":0,"31":0,"36":0,"40":1,"43":1}},"/home/travis/build/npmtest/node-npmtest-react-sketchapp/node_modules/react-sketchapp/lib/utils/createStringMeasurer.js":{"path":"/home/travis/build/npmtest/node-npmtest-react-sketchapp/node_modules/react-sketchapp/lib/utils/createStringMeasurer.js","s":{"1":8,"2":8,"3":0,"4":1,"5":0,"6":1,"7":0,"8":0,"9":0,"10":0,"11":0,"12":0,"13":0,"14":0,"15":0,"16":0,"17":0,"18":0,"19":0,"20":0,"21":0,"22":0,"23":0,"24":0,"25":0,"26":0},"b":{"1":[0,0],"2":[0,0],"3":[0,0],"4":[0,0],"5":[0,0]},"f":{"1":0,"2":0,"3":0,"4":0},"fnMap":{"1":{"name":"_interopRequireDefault","line":9,"loc":{"start":{"line":9,"column":0},"end":{"line":9,"column":37}}},"2":{"name":"_defineProperty","line":11,"loc":{"start":{"line":11,"column":0},"end":{"line":11,"column":42}}},"3":{"name":"createStringMeasurer","line":16,"loc":{"start":{"line":16,"column":27},"end":{"line":16,"column":72}}},"4":{"name":"(anonymous_4)","line":17,"loc":{"start":{"line":17,"column":9},"end":{"line":17,"column":26}}}},"statementMap":{"1":{"start":{"line":3,"column":0},"end":{"line":3,"column":33}},"2":{"start":{"line":5,"column":0},"end":{"line":5,"column":38}},"3":{"start":{"line":7,"column":0},"end":{"line":7,"column":51}},"4":{"start":{"line":9,"column":0},"end":{"line":9,"column":95}},"5":{"start":{"line":9,"column":39},"end":{"line":9,"column":93}},"6":{"start":{"line":11,"column":0},"end":{"line":11,"column":209}},"7":{"start":{"line":11,"column":44},"end":{"line":11,"column":195}},"8":{"start":{"line":11,"column":62},"end":{"line":11,"column":166}},"9":{"start":{"line":11,"column":176},"end":{"line":11,"column":193}},"10":{"start":{"line":11,"column":196},"end":{"line":11,"column":207}},"11":{"start":{"line":14,"column":0},"end":{"line":14,"column":23}},"12":{"start":{"line":16,"column":0},"end":{"line":44,"column":2}},"13":{"start":{"line":17,"column":2},"end":{"
[...]
mn":0},"end":{"line":10,"column":23}}},"branchMap":{"1":{"line":7,"type":"binary-expr","locations":[{"start":{"line":7,"column":9},"end":{"line":7,"column":16}},{"start":{"line":7,"column":20},"end":{"line":7,"column":27}},{"start":{"line":7,"column":31},"end":{"line":7,"column":38}}]}},"code":["\"use strict\";","","Object.defineProperty(exports, \"__esModule\", {","  value: true","});","var same = function same(a, b, c, d) {","  return a === b && b === c && c === d;","};","","exports.default = same;"],"l":{"3":1,"6":1,"7":0,"10":1}},"/home/travis/build/npmtest/node-npmtest-react-sketchapp/node_modules/react-sketchapp/lib/sharedStyles/TextStyles.js":{"path":"/home/travis/build/npmtest/node-npmtest-react-sketchapp/node_modules/react-sketchapp/lib/sharedStyles/TextStyles.js","s":{"1":2,"2":2,"3":2,"4":2,"5":2,"6":2,"7":2,"8":2,"9":2,"10":0,"11":0,"12":1,"13":6,"14":0,"15":0,"16":0,"17":0,"18":0,"19":0,"20":0,"21":0,"22":0,"23":0,"24":0,"25":0,"26":0,"27":0,"28":0,"29":0,"30":0,"31":0,"32":0,"33":0,"34":0,"35":0,"36":0,"37":0,"38":0,"39":0,"40":0,"41":0,"42":0,"43":0,"44":0,"45":0,"46":0,"47":0,"48":0,"49":0},"b":{"1":[4,2],"2":[6,6],"3":[0,0],"4":[0,0],"5":[0,0],"6":[0,0]},"f":{"1":6,"2":0,"3":0,"4":0,"5":0,"6":0,"7":0,"8":0},"fnMap":{"1":{"name":"_interopRequireDefault","line":27,"loc":{"start":{"line":27,"column":0},"end":{"line":27,"column":37}}},"2":{"name":"registerStyle","line":35,"loc":{"start":{"line":35,"column":20},"end":{"line":35,"column":56}}},"3":{"name":"create","line":52,"loc":{"start":{"line":52,"column":13},"end":{"line":52,"column":46}}},"4":{"name":"(anonymous_4)","line":70,"loc":{"start":{"line":70,"column":30},"end":{"line":70,"column":46}}},"5":{"name":"resolve","line":77,"loc":{"start":{"line":77,"column":14},"end":{"line":77,"column":38}}},"6":{"name":"get","line":83,"loc":{"start":{"line":83,"column":10},"end":{"line":83,"column":29}}},"7":{"name":"clear","line":90,"loc":{"start":{"line":90,"column":12},"end":{"line":90,"column":29}}},"8":{"name":"styles","line":95,"loc":{"start":{"line":95,"column":13},"end":{"line":95,"column":31}}}},"statementMap":{"1":{"start":{"line":3,"column":0},"end":{"line":5,"column":3}},"2":{"start":{"line":7,"column":0},"end":{"line":7,"column":38}},"3":{"start":{"line":9,"column":0},"end":{"line":9,"column":53}},"4":{"start":{"line":11,"column":0},"end":{"line":11,"column":60}},"5":{"start":{"line":13,"column":0},"end":{"line":13,"column":47}},"6":{"start":{"line":15,"column":0},"end":{"line":15,"column":53}},"7":{"start":{"line":17,"column":0},"end":{"line":17,"column":64}},"8":{"start":{"line":19,"column":0},"end":{"line":19,"column":67}},"9":{"start":{"line":21,"column":0},"end":{"line":21,"column":65}},"10":{"start":{"line":23,"column":0},"end":{"line":23,"column":37}},"11":{"start":{"line":25,"column":0},"end":{"line":25,"column":43}},"12":{"start":{"line":27,"column":0},"end":{"line":27,"column":95}},"13":{"start":{"line":27,"column":39},"end":{"line":27,"column":93}},"14":{"start":{"line":30,"column":0},"end":{"line":30,"column":228}},"15":{"start":{"line":32,"column":0},"end":{"line":32,"column":17}},"16":{"start":{"line":33,"column":0},"end":{"line":33,"column":17}},"17":{"start":{"line":35,"column":0},"end":{"line":50,"column":2}},"18":{"start":{"line":36,"column":2},"end":{"line":36,"column":65}},"19":{"start":{"line":37,"column":2},"end":{"line":37,"column":49}},"20":{"start":{"line":38,"column":2},"end":{"line":38,"column":68}},"21":{"start":{"line":39,"column":2},"end":{"line":39,"column":78}},"22":{"start":{"line":42,"column":2},"end":{"line":42,"column":23}},"23":{"start":{"line":44,"column":2},"end":{"line":49,"column":4}},"24":{"start":{"line":52,"column":0},"end":{"line":75,"column":2}},"25":{"start":{"line":53,"column":2},"end":{"line":54,"column":32}},"26":{"start":{"line":57,"column":2},"end":{"line":59,"column":3}},"27":{"start":{"line":58,"column":4},"end":{"line":58,"column":69}},"28":{"start":{"line":61,"column":2},"end":{"line":61,"column":83}},"29":{"start":{"line":63,"column":2},"end":{"line":63,"column":49}},"30":{"start":{"line":65,"column":2},"end":{"line":68,"column":3}},"31":{"start":{"line":66,"column":4},"end":{"line":66,"column":17}},"32":{"start":{"line":67,"column":4},"end":{"line":67,"column":45}},"33":{"start":{"line":70,"column":2},"end":{"line":72,"column":5}},"34":{"start":{"line":71,"column":4},"end":{"line":71,"column":45}},"35":{"start":{"line":74,"column":2},"end":{"line":74,"column":17}},"36":{"start":{"line":77,"column":0},"end":{"line":81,"column":2}},"37":{"start":{"line":78,"column":2},"end":{"line":78,"column":45}},"38":{"start":{"line":80,"column":2},"end":{"line":80,"column":23}},"39":{"start":{"line":83,"column":0},"end":{"line":88,"column":2}},"40":{"start":{"line":84,"column":2},"end":{"line":84,"column":27}},"41":{"start":{"line":85,"column":2},"end":{"line":85,"column":28}},"42":{"start":{"line":87,"column":2},"end":{"line":87,"column":37}},"43":{"start":{"line":90,"column":0},"end":{"line":93,"column":2}},"44":{"start":{"line":91,"column":2},"end":{"line":91,"column":15}},"45":{"start":{"line":92,"column":2},"end":{"line":92,"column":43}},"46":{"start":{"line":95,"column":0},"end":{"line":97,"column":2}},"47":{"start":{"line":96,"column":2},"end":{"line":96,"column":17}},"48":{"start":{"line":99,"column":0},"end":{"line":105,"column":2}},"49":{"start":{"line":107,"column":0},"end":{"line":107,"column":29}}},"branchMap":{"1":{"line":27,"type":"cond-expr","locations":[{"start":{"line":27,"column":70},"end":{"line":27,"column":73}},{"start":{"line":27,"column":76},"end":{"line":27,"column":92}}]},"2":{"line":27,"type":"binary-expr","locations":[{"start":{"line":27,"column":46},"end":{"line":27,"column":49}},{"start":{"line":27,"column":53},"end":{"line":27,"column":67}}]},"3":{"line":57,"type":"if","locations":[{"start":{"line":57,"column":2},"end":{"line":57,"column":2}},{"start":{"line":57,"column":2},"end":{"line":57,"column":2}}]},"4":{"line":61,"type":"binary-expr","locations":[{"start":{"line":61,"column":27},"end":{"line":61,"column":34}},{"start":{"line":61,"column":38},"end":{"line":61,"column":53}}]},"5":{"line":65,"type":"if","locations":[{"start":{"line":65,"column":2},"end":{"line":65,"column":2}},{"start":{"line":65,"column":2},"end":{"line":65,"column":2}}]},"6":{"line":87,"type":"cond-expr","locations":[{"start":{"line":87,"column":17},"end":{"line":87,"column":31}},{"start":{"line":87,"column":34},"end":{"line":87,"column":36}}]}},"code":["'use strict';","","Object.defineProperty(exports, \"__esModule\", {","  value: true","});","","var _invariant = require('invariant');","","var _invariant2 = _interopRequireDefault(_invariant);","","var _sketchappJsonPlugin = require('sketchapp-json-plugin');","","var _hashStyle = require('../utils/hashStyle');","","var _hashStyle2 = _interopRequireDefault(_hashStyle);","","var _sharedTextStyles = require('../wrappers/sharedTextStyles');","","var _sharedTextStyles2 = _interopRequireDefault(_sharedTextStyles);","","var _hacksForJSONImpl = require('../jsonUtils/hacksForJSONImpl');","","var _pick = require('../utils/pick');","","var _pick2 = _interopRequireDefault(_pick);","","function _interopRequireDefault(obj) { return obj && obj.__esModule ? obj : { default: obj }; }","","// stored styles","var INHERITABLE_STYLES = ['color', 'fontFamily', 'fontSize', 'fontStyle', 'fontWeight', 'textShadowOffset', 'textShadowRadius', 'textShadowColor', 'textTransform', 'letterSpacing', 'lineHeight', 'textAlign', 'writingDirection'];","","var _styles = {};","var _byName = {};","","var registerStyle = function registerStyle(name, style) {","  var safeStyle = (0, _pick2.default)(style, INHERITABLE_STYLES);","  var hash = (0, _hashStyle2.default)(safeStyle);","  var sketchStyle = (0, _hacksForJSONImpl.makeTextStyle)(safeStyle);","  var sharedObjectID = _sharedTextStyles2.default.addStyle(name, sketchStyle);","","  // FIXME(gold): side effect :'(","  _byName[name] = hash;","","  _styles[hash] = {","    cssStyle: safeStyle,","    name: name,","    sketchStyle: sketchStyle,","    sharedObjectID: sharedObjectID","  };","};","","var create = function create(options, styles) {","  var clearExistingStyles = options.clearExistingStyles,","      context = options.context;","","","  if (!(0, _sketchappJsonPlugin.appVersionSupported)()) {","    return context.document.showMessage('💎 Requires Sketch 43+ 💎');","  }","","  (0, _invariant2.default)(options && options.context, 'Please provide a context');","","  _sharedTextStyles2.default.setContext(context);","","  if (clearExistingStyles) {","    _styles = {};","    _sharedTextStyles2.default.setStyles([]);","  }","","  Object.keys(styles).forEach(function (name) {","    return registerStyle(name, styles[name]);","  });","","  return _styles;","};","","var resolve = function resolve(style) {","  var hash = (0, _hashStyle2.default)(style);","","  return _styles[hash];","};","","var get = function get(name) {","  var hash = _byName[name];","  var style = _styles[hash];","","  return style ? style.cssStyle : {};","};","","var clear = function clear() {","  _styles = {};","  _sharedTextStyles2.default.setStyles([]);","};","","var styles = function styles() {","  return _styles;","};","","var TextStyles = {","  create: create,","  resolve: resolve,","  get: get,","  styles: styles,","  clear: clear","};","","exports.default = TextStyles;"],"l":{"3":2,"7":2,"9":2,"11":2,"13":2,"15":2,"17":2,"19":2,"21":2,"23":0,"25":0,"27":6,"30":0,"32":0,"33":0,"35":0,"36":0,"37":0,"38":0,"39":0,"42":0,"44":0,"52":0,"53":0,"57":0,"58":0,"61":0,"63":0,"65":0,"66":0,"67":0,"70":0,"71":0,"74":0,"77":0,"78":0,"80":0,"83":0,"84":0,"85":0,"87":0,"90":0,"91":0,"92":0,"95":0,"96":0,"99":0,"107":0}},"/home/travis/build/npmtest/node-npmtest-react-sketchapp/node_modules/react-sketchapp/lib/wrappers/sharedTextStyles.js":{"path":"/home/travis/build/npmtest/node-npmtest-react-sketchapp/node_modules/react-sketchapp/lib/wrappers/sharedTextStyles.js","s":{"1":1,"2":1,"3":1,"4":1,"5":3,"6":3,"7":3,"8":3,"9":3,"10":3,"11":1,"12":1,"13":1,"14":1,"15":0,"16":1,"17":1,"18":1,"19":1,"20":1,"21":1,"22":1,"23":1,"24":0,"25":1,"26":1,"27":1,"28":1,"29":1,"30":0,"31":0,"32":0,"33":0,"34":0,"35":0,"36":0,"37":0,"38":0,"39":0,"40":0,"41":1,"42":1},"b":{"1":[3,3],"2":[3,0],"3":[1,0],"4":[0,1],"5":[0,1],"6":[1,1],"7":[0,1]},"f":{"1":1,"2":1,"3":1,"4":1,"5":1,"6":1,"7":1,"8":0,"9":0,"10":0},"fnMap":{"1":{"name":"(anonymous_1)","line":7,"loc":{"start":{"line":7,"column":19},"end":{"line":7,"column":31}}},"2":{"name":"defineProperties","line":7,"loc":{"start":{"line":7,"column":33},"end":{"line":7,"column":74}}},"3":{"name":"(anonymous_3)","line":7,"loc":{"start":{"line":7,"column":357},"end":{"line":7,"column":405}}},"4":{"name":"_interopRequireDefault","line":15,"loc":{"start":{"line":15,"column":0},"end":{"line":15,"column":37}}},"5":{"name":"_classCallCheck","line":17,"loc":{"start":{"line":17,"column":0},"end":{"line":17,"column":48}}},"6":{"name":"(anonymous_6)","line":19,"loc":{"start":{"line":19,"column":17},"end":{"line":19,"column":29}}},"7":{"name":"TextStyles","line":20,"loc":{"start":{"line":20,"column":2},"end":{"line":20,"column":24}}},"8":{"name":"setContext","line":28,"loc":{"start":{"line":28,"column":11},"end":{"line":28,"column":40}}},"9":{"name":"setStyles","line":36,"loc":{"start":{"line":36,"column":11},"end":{"line":36,"column":38}}},"10":{"name":"addStyle","line":45,"loc":{"start":{"line":45,"column":11},"end":{"line":45,"column":42}}}},"statementMap":{"1":{"start":{"line":3,"column":0},"end":{"line":5,"column":3}},"2":{"start":{"line":7,"column":0},"end":{"line":7,"column":564}},"3":{"start":{"line":7,"column":33},"end":{"line":7,"column":349}},"4":{"start":{"line":7,"column":76},"end":{"line":7,"column":347}},"5":{"start":{"line":7,"column":117},"end":{"line":7,"column":143}},"6":{"start":{"line":7,"column":144},"end":{"line":7,"column":199}},"7":{"start":{"line":7,"column":200},"end":{"line":7,"column":231}},"8":{"start":{"line":7,"column":232},"end":{"line":7,"column":286}},"9":{"start":{"line":7,"column":259},"end":{"line":7,"column":286}},"10":{"start":{"line":7,"column":287},"end":{"line":7,"column":345}},"11":{"start":{"line":7,"column":350},"end":{"line":7,"column":559}},"12":{"start":{"line":7,"column":407},"end":{"line":7,"column":475}},"13":{"start":{"line":7,"column":423},"end":{"line":7,"column":475}},"14":{"start":{"line":7,"column":476},"end":{"line":7,"column":536}},"15":{"start":{"line":7,"column":493},"end":{"line":7,"column":536}},"16":{"start":{"line":7,"column":537},"end":{"line":7,"column":556}},"17":{"start":{"line":9,"column":0},"end":{"line":9,"column":38}},"18":{"start":{"line":11,"column":0},"end":{"line":11,"column":53}},"19":{"start":{"line":13,"column":0},"end":{"line":13,"column":60}},"20":{"start":{"line":15,"column":0},"end":{"line":15,"column":95}},"21":{"start":{"line":15,"column":39},"end":{"line":15,"column":93}},"22":{"start":{"line":17,"column":0},"end":{"line":17,"column":153}},"23":{"start":{"line":17,"column":50},"end":{"line":17,"column":151}},"24":{"start":{"line":17,"column":92},"end":{"line":17,"column":149}},"25":{"start":{"line":19,"column":0},"end":{"line":63,"column":4}},"26":{"start":{"line":20,"column":2},"end":{"line":24,"column":3}},"27":{"start":{"line":21,"column":4},"end":{"line":21,"column":38}},"28":{"start":{"line":23,"column":4},"end":{"line":23,"column":25}},"29":{"start":{"line":26,"column":2},"end":{"line":60,"column":6}},"30":{"start":{"line":29,"column":6},"end":{"line":29,"column":68}},"31":{"start":{"line":31,"column":6},"end":{"line":31,"column":30}},"32":{"start":{"line":32,"column":6},"end":{"line":32,"column":18}},"33":{"start":{"line":37,"column":6},"end":{"line":37,"column":74}},"34":{"start":{"line":39,"column":6},"end":{"line":39,"column":81}},"35":{"start":{"line":41,"column":6},"end":{"line":41,"column":18}},"36":{"start":{"line":46,"column":6},"end":{"line":46,"column":74}},"37":{"start":{"line":48,"column":6},"end":{"line":48,"column":75}},"38":{"start":{"line":51,"column":6},"end":{"line":51,"column":34}},"39":{"start":{"line":53,"column":6},"end":{"line":53,"column":118}},"40":{"start":{"line":58,"column":6},"end":{"line":58,"column":26}},"41":{"start":{"line":62,"column":2},"end":{"line":62,"column":20}},"42":{"start":{"line":65,"column":0},"end":{"line":65,"column":35}}},"branchMap":{"1":{"line":7,"type":"binary-expr","locations":[{"start":{"line":7,"column":168},"end":{"line":7,"column":189}},{"start":{"line":7,"column":193},"end":{"line":7,"column":198}}]},"2":{"line":7,"type":"if","locations":[{"start":{"line":7,"column":232},"end":{"line":7,"column":232}},{"start":{"line":7,"column":232},"end":{"line":7,"column":232}}]},"3":{"line":7,"type":"if","locations":[{"start":{"line":7,"column":407},"end":{"line":7,"column":407}},{"start":{"line":7,"column":407},"end":{"line":7,"column":407}}]},"4":{"line":7,"type":"if","locations":[{"start":{"line":7,"column":476},"end":{"line":7,"column":476}},{"start":{"line":7,"column":476},"end":{"line":7,"column":476}}]},"5":{"line":15,"type":"cond-expr","locations":[{"start":{"line":15,"column":70},"end":{"line":15,"column":73}},{"start":{"line":15,"column":76},"end":{"line":15,"column":92}}]},"6":{"line":15,"type":"binary-expr","locations":[{"start":{"line":15,"column":46},"end":{"line":15,"column":49}},{"start":{"line":15,"column":53},"end":{"line":15,"column":67}}]},"7":{"line":17,"type":"if","locations":[{"start":{"line":17,"column":50},"end":{"line":17,"column":50}},{"start":{"line":17,"column":50},"end":{"line":17,"column":50}}]}},"code":["'use strict';","","Object.defineProperty(exports, \"__esModule\", {","  value: true","});","","var _createClass = function () { function defineProperties(target, props) { for (var i = 0; i < props.length; i++) { var descriptor = props[i]; descriptor.enumerable = descriptor.enumerable || false; descriptor.configurable = true; if (\"value\" in descriptor) descriptor.writable = true; Object.defineProperty(target, descriptor.key, descriptor); } } return function (Constructor, protoProps, staticProps) { if (protoProps) defineProperties(Constructor.prototype, protoProps); if (staticProps) defineProperties(Constructor, staticProps); return Constructor; }; }();","","var _invariant = require('invariant');","","var _invariant2 = _interopRequireDefault(_invariant);","","var _sketchappJsonPlugin = require('sketchapp-json-plugin');","","function _interopRequireDefault(obj) { return obj && obj.__esModule ? obj : { default: obj }; }","","function _classCallCheck(instance, Constructor) { if (!(instance instanceof Constructor)) { throw new TypeError(\"Cannot call a class as a function\"); } }","","var TextStyles = function () {","  function TextStyles() {","    _classCallCheck(this, TextStyles);","","    this._context = null;","  }","","  _createClass(TextStyles, [{","    key: 'setContext',","    value: function setContext(context) {","      (0, _invariant2.default)(context, 'Please provide a context');","","      this._context = context;","      return this;","    }","  }, {","    key: 'setStyles',","    value: function setStyles(styles) {","      (0, _invariant2.default)(this._context, 'Please provide a context');","","      this._context.document.documentData().layerTextStyles().setObjects(styles);","","      return this;","    }","  }, {","    key: 'addStyle',","    value: function addStyle(name, style) {","      (0, _invariant2.default)(this._context, 'Please provide a context');","","      var textStyle = (0, _sketchappJsonPlugin.fromSJSONDictionary)(style);","","      // Flow doesn't pick up invariant truthies","      var context = this._context;","","      var s = context.document.documentData().layerTextStyles().addSharedStyleWithName_firstInstance(name, textStyle);","","      // NOTE(gold): the returned object ID changes after being added to the store","      // _don't_ rely on the object ID we pass to it, but we have to have one set","      // otherwise Sketch crashes","      return s.objectID();","    }","  }]);","","  return TextStyles;","}();","","exports.default = new TextStyles();"],"l":{"3":1,"7":3,"9":1,"11":1,"13":1,"15":1,"17":1,"19":1,"20":1,"21":1,"23":1,"26":1,"29":0,"31":0,"32":0,"37":0,"39":0,"41":0,"46":0,"48":0,"51":0,"53":0,"58":0,"62":1,"65":1}},"/home/travis/build/npmtest/node-npmtest-react-sketchapp/node_modules/react-sketchapp/lib/utils/pick.js":{"path":"/home/travis/build/npmtest/node-npmtest-react-sketchapp/node_modules/react-sketchapp/lib/utils/pick.js","s":{"1":1,"2":1,"3":0,"4":0,"5":0,"6":0,"7":0,"8":0,"9":1},"b":{"1":[0,0]},"f":{"1":0},"fnMap":{"1":{"name":"pick","line":6,"loc":{"start":{"line":6,"column":11},"end":{"line":6,"column":36}}}},"statementMap":{"1":{"start":{"line":3,"column":0},"end":{"line":5,"column":3}},"2":{"start":{"line":6,"column":0},"end":{"line":16,"column":2}},"3":{"start":{"line":7,"column":2},"end":{"line":7,"column":18}},"4":{"start":{"line":9,"column":2},"end":{"line":14,"column":3}},"5":{"start":{"line":10,"column":4},"end":{"line":10,"column":22}},"6":{"start":{"line":11,"column":4},"end":{"line":13,"column":5}},"7":{"start":{"line":12,"column":6},"end":{"line":12,"column":29}},"8":{"start":{"line":15,"column":2},"end":{"line":15,"column":16}},"9":{"start":{"line":18,"column":0},"end":{"line":18,"column":23}}},"branchMap":{"1":{"line":11,"type":"if","locations":[{"start":{"line":11,"column":4},"end":{"line":11,"column":4}},{"start":{"line":11,"column":4},"end":{"line":11,"column":4}}]}},"code":["\"use strict\";","","Object.defineProperty(exports, \"__esModule\", {","  value: true","});","var pick = function pick(obj, keys) {","  var result = {};","  // eslint-disable-next-line no-plusplus","  for (var i = 0; i < keys.length; i++) {","    var key = keys[i];","    if (obj[key] !== undefined) {","      result[key] = obj[key];","    }","  }","  return result;","};","","exports.default = pick;"],"l":{"3":1,"6":1,"7":0,"9":0,"10":0,"11":0,"12":0,"15":0,"18":1}}}